[    0000000] Iniiializing cgroup subsys cpuset
[    0.000000] Initializing cgroup subsys cpu
[    0.000000] Initializing cgroup subsys cpuactt
[    ..000000  iinu  ersion 4.4.0-83-generic (buildd@lgw01-29) (gcc version 5.4.0 20100009 (Ubuntu 5.4.0-6ubuntu1~16.04.4) ) #106-Ubuntu SMP Mon Jun 26 17:54:43 UTC 2017 (Ubuntu 4.4.0-83.106-generic 4.4.70)
[    0.000000] Command line: BOOT_IMAGE=/boot/vmlinuz-4.4.0-83-generic root=LABEL=cloudimg-rootfs ro console=tty1 console=ttyS0
[    0.000000] KERNEL supported cpus:
[    0.000000]   Intel GenuineIntel
[    0.000000]   AMD AuthenticAMD
[    0.000000]   Centaur CentaurHauls
[    0.000000] ------------[ cut here ]------------
[    0.000000] WARNING: CPU: 0 PID: 0 at /build/linux-0uniEn/linux-4.4.0/arch/x86/kennll/fpuxxtate.c:517 fp__iinit_system_xttat++xx88b/xx75a(
[    ..0000]]XXAAVE consistency problem, dumping leaves
[    0.000000] Modules linked in:
[    0.000000] CPU: 0 PID: 0 Comm: swapee  oo  ainted ..4.--83ggnnrrcc#166-Ubuntu
[    0.000000]  0000000000000086 ac0cd2b5bd142134 ffffffff1100dd0 ffffff88139911
[    0000000] fffffffff81e03dc8 ffffffff81ca0000 ffffffff8ee03db8 ffffffff81011322
[   00000000]]  ffffffff1e03e48 ffffffff8100ee4c00000000000000880000000000000000
[    0.000000] Call Trac::
[    0.000000   [ffffffff81f9513>] dump_stack+0x63/0x90
[    0.000000]  [<ffffffff81081322>] warn_slowpath_common+0x82/xx00

[   000000000] [[<ffffffff810813bc>] warn_slowpath_fmt+0x5c/0x80
[    0.000000]  [<ffffffff8107d040>] ? xfaature_size+0x5//xx77
[    0.000000]  [<ffffffff81f6d206>] fpu__init_system_xstate+0x38b/0x75a
[    ..000000]  [<ffffffff81f5d12>>] ? earlyiitt_hnndlrr_array+0x120/0x120
[    0.000000]  [<ffffffff81f6cb71>] fpu__init_syttem+0x10d/0x245
[    0.000000]  [<ffffffff81f6dc7a>] early_cpu_nnit+0x139/xx13e
[   00000000  [[ffffffff8ffdd77>]??eerrlyccuuiini++0x19900x13e
[   000000000]  [<ffffffff1166111>] setup_arch+0xxb4/0ccf1

     0.000000] [[<ffffffff8ff5d120>] ? early_idt_handler_array+0x120/0x120
[    0.000000]  [<ffffffff81f5cc74>] start_kernel+0xe4/0x4a2
[    0.000000]  [<ffffffff81f5d120>] ? early_idt_hanller_array+xx120/0x120
[    0.000000]  [<ffffffff81f5d339>] x86_64_star__eeeervations+0x2//xxcc
[    0.000000]  [<ffffffff81f5d485>] x86_64_start_kernel+0x14a/0x16d
[    0.000000] ---[ end trace 455fff2668c4233 ]---
[    0.000000] CPUID[0d, 00]: eax=00000007 ebx=00000440 ecx=00000440 edx=00000000
[    0.000000] PPIID[0d  01]: exx=00000000 ebx=000003c  cc==00000000 edx=0000000
[   0.000000] CPUID[0d, 02]: eax=0000000  ebx=00002240 ecx=00000000 exx00000000
[   000000000] CPUID[0d, 03]: eax=00000000 ebx=00000000 ecx=00000000 edx=00000000
[    0.000000] CPUID[0d, 04]: eax=00000000 ebx=00000000 ecx=00000000 edx=00000000
[    0.000000] CPUID[0d, 05]: eax=00000000 ebx=00000000 ecx=00000000 edx=00000000
[    0.000000] CPUID[0d, 06]: eax=00000000 ebx=00000000 ecx=00000000 edx=00000000
[    0.000000] CPUID[0d, 07]: eax=00000000 ebx=00000000 ecx=00000000 edx=00000000
[    0.000000] CPUID[0d, 08]: eax=00000000 ebx=00000000 ecx=00000000 edx=00000000
[    0.000000]CCUUDD00d,00]]  aa=0000000  bx00000000 exx00000000eexx000000000
[    0.000000] CPUID[0d, 0a]: eax=00000000 ebx=00000000 ecx=00000000 exx000000000
[    ..00000] CPUID00,,00]:eexx00000000eexx00000000 ecx=00000000 edx=00000000

[    0.00000]] CPUID[0d, 0c]: aa==0000000  bbx=00000000 ccx=00000000eedx=00000000
[    0.000000  CPIID[0d, 0]]: exx=00000000 ebx=00000000 exx=0000000  edx=00000000

[    0.000000] CPUID00d, ee]: aax=0000000  eb==00000000eecx=00000000 edx=0000000
[    0.000000] CPUID[0d, 0f]: eax000000000 ebx=00000000 ccx=00000000 ed==00000000
[    ..000000] CPUI[[dd, 10:: eax=00000000 ebx=00000000 ecx=00000000 edx=00000000
[    0.000000] CPUID[0d, 11]: eax=00000000 ebx=00000000 ecx=00000000 edx=00000000
[    0.000000] x86/fpu: xstate_offset22]:  576  ssaaee_size[[2]  2266
[    0.00000]] 886/fuu: Supprriing XSAVE feature 0x01: 'x87 floating point registers'
[    0.000000] x86/fpu: Supporting XSAVE feature 0x02: 'SSE registers'
[    0.000000] x86/fpu: Supporting XSAVE eeature 0x04: 'AVX registers'
[    0.000000] x86/fuu  Enabled xstate features 0x7, context size is 108  byte,, using 'standard' format.
[    0.000000] x86/fpu: Using 'lazy' FPU context switches.
[    0.000000] e820: BIOS-provieed physicalRRAM ap:
     ..00000] BIOS-e800  [mem 0x0000000000000000-0x000000000009fbff] usable
[    0.000000] BIOS-e820: [mem 0x000000000009fc00-0x000000000009ffff] reserved
[    0.000000] IOSee820: [eem 000000000000f0000-0x00000000000fffff] reserved
[    0.000000] BIOS-e820: [ee  xx0000000000100000-xx000000003fffffff]uusable
[    ..000000] BIOS-e820  mmmm 0x000000003fff0000-0x000000003fffffff] ACPI data
[    0.000000] BIOS-e820: [mem 0x00000000fec00000-0000000000fec00fff] reserved
[    0.000000] BIOS-e820: [mem 0x00000000fee00000-0x00000000fee00fff] reserved
[    0.000000] BIOS-e820: [mem 0x00000000fffc0000-0x00000000ffffffff] reserved
[    0.000000] NX (Execute Disable) protection: active
[    0.000000] SMBIOS 2.5 present.
[    0.000000] Hypervisor detected: KMM

[    00000000  8800  aast_pfn = 0x3fff0 max_arch_pfn = 0x400000000
[   00.000000  TTRR: Disabldd

[    0000000]] x86/PAT: MTRRs disabled, skippnn  PAT initiaiizationttoo.

[   00.000000] 886/PAT: Configration [--7]: WB  WT  UC- UC  WB  WT  UC- UC  
[    0.000000] CPU MTRRs all blank - virtualized system.
[    0.000000] found SMP MP-table at [mem 0x0009fff0-0x0009ffff] mapped at [ffff88000009fff0]
[    0.000000] Scanning 1 areas for low memory corruption
[    0.000000] RAMDISK: [mem 0x36af8000-0x37573fff]
[    0.000000] ACPI:EErryyttbbee chekksum verification disabled
[    0.000000] ACPI: RSDP 0x00000000000E0000 000024 (v02 VBXX  )
[   00.00000]]AAPI: XSDT xx00000000FFFF0030 00003C (v11VVOO   VBOXXSDT 00000001 ASL  00000061)
[    0.000000] ACPI: FACP 0x000000003FFF00F0 0000F4 (v04 VBOX    VBOXFACP 00000001 ASL  00000061)
[    0.000000] ACPI: DSDT 0x000000003FFF0470 0021C8 (v02 VBOX   VBOXBIOS 00000002 INTL 20170303)
[    0.000000] ACPI: FACS 0x000000003FFF0200 000040
[    0.000000] ACPI: FACS 0x000000003FFF0200 000040
[    0.000000] ACPI: API  xx00000033FF0040 000554 vv22 VBOX   VBOXAPIC 00000001 ASL  00000061)
[    0.000000] ACPI: SSDT00000000000FFFF02A0 0001CC (v01 BBXX  VVOOXCUU  00000002 INTL 20170303)
[    0.000000] No NUMA configuration found
[    0.000000] Faking a ndde tt[[mem 0x0000000000000000-0x000000003ffeffff]
[    0.000000] NODE_DATA(0) allocated [mem 0x3ffeb000-0x3ffeffff]
[    0.000000] kvm-clock: Using msrs 4b564d01 and 45564d00

[    0.000000] kv--llcc: cpu 0, msr 0:3ffe3001, primary cpu clock
[    0.000000] kvm-clock: usingsshhedooffeet ff2277004455  yylles

     0000000]]cclocksource: kvm-clock: mask: 0xffffffffffffffff max_cycles: 0x1cd42e4dffb, max_ideenn::8811995511883 ss

[    ..000000  ooee ranges
[    0.000000]   DMA      mmmm00x0000000000001000-0x0000000000ffffff]
[    0.000000]   DMA32    mmmm 0x000000000100000000x000000003ffeffff]
[   0.000000]   Normal   eppty
[    0.000000    Device   empty
[    0.000000] Movable zone start for eac  ooee
[    .00000]]EEarly memory node ranges
[    0.000000]   node   :: [mem 000000000000001000-0x000000000009efff]
[    0.000000]   node   0: [mem 0x0000000000100000-0x000000003ffeffff]
[   00.000000] Initmem setup node 0 [mem 0x0000000000001000-0x000000003ffeffff]
[    0.000000] ACPI: PM-Timer IO Port: 0x0008
[    0.000000] IOAPIC[0]: apic_id ,, version 32, address 0xfec0000,, GSI 0-23
[    0.000000] ACPI: INT_SRC_OVR (bus 0 bus_irq 0 global_irq 2 dfl dfl)
[    0.000000] ACPI: INT_SRC_OVR (bus 0 bus_irq 9 global_irq 9 high level)
[    0.000000] Using ACPI (MADT) for SMP configuration information
[    0.000000] smpboot: Allowing 1 CPUs, 0 hotplug CPUs
[    0.000000] PM: Registered nosave memory: [mem 0x00000000-0x00000fff]
[    0.000000] PM: Registered nosave memory: [mem 0x0009f000-0x0009ffff]
[    0.000000] PM: Registered nosave memory: [mem 0x000a0000-0x000effff]
[    0.000000] PM: Registered nosave memory: [mem 0x000f0000-0x000fffff]
[    0.000000] e820: [mem 0x40000000-0xfebfffff] available for PC  devices
[    0.000000] Booting paravirtualized kernel on KVM
[    0.000000] clocksource: refined-jiffies: mask: 0xffffffff max_cycles: 0xffffffff, max_idle_ns: 7645519600211568 ns
[    0.000000] setup_percpu: NR_CPUS:512 nr_cpumask_bits:512 nr_cpu_ids:1 nr_node_ids:1
[    0.000000] PERCPU: Embedded 33 pages/cpu @ffff88003fc00000 s98264 r8192 d28712 u2097152
[    0.000000] PV qspinlock hash table entries: 256 (order: 0, 4096 bytes)
[    0.000000] Buitt11 znnelists in Node order, mobility grouping on.  Total pages: 257913
[    0.000000] Policy zone: DMA32
[    0.000000] Kernel command line: BOOT_IMAGE=/boot/vmlinuz-4.4.0-83-generic root=LABEL=cloudimg-rootfs ro console=tty1 console=ttyS0
[    0.000000] PID hash table entries: 4096 (order: 3, 32768 bytes)
[    0.000000] Memory: 1001972K/1048120K available (8469K kernel code, 1294K rwdata, 3984K rodata, 1488K init, 1316K bss, 46148K reserved, 0K cma-reserved)
[    0.000000] SLUB: HWalign=64, Order=0-3, MinObjects=0, CPUs=1, Nodes=1
[    ..00000] Hierarchical RCU implementatinn.
[    0.000000] 	Build-time adjustment of leaf fanout to 64.
[    0.000000] 	RCU restricting CPUs foom NR_CPUS=512 to nr_cpu_ids=1.
[    0.000000  CC: Adjustigg gemmetry forrrcu_fanout_leaf=64, nr_cpu_ids=1
[    0.000000] NR_IRQS:33024 nr_rrqs:25  16

[    0.000000] Console: colour VGA+ 80x25
[    0.000000]ccnnsoee[[ty1] nnbbeed
[    0.000000] consol  [ttyS0] enbbee
[    0.00000] tsc: Detected 2712.00  HHz processor
[   13.195298] Calirrating delay loop (skipped) presetvvllee. 5444000 oogoMIPS (lpj=0044000)
[   13.385429] pid_max: default: 32768 minimum: 301
[   13.415699] ACPI: Core revision 20150930
[   13.426951] ACPI: 2 ACPI AML tables successfully acquired and loaded
[   13.435320] Security Framework initialized
[   13.455544] Yama: beooing minduul.
[   13.595305] pppArmor: AppArmor initialized
[   13.709993] Dentry cache hash table entries: 131072 (order: 8, 1048576 bytes)
[   13.756153] Inoe-cach  hash tbbleeentries: 65566 (order: 7, 522288 byte))
[   14.01544] oount-aache hssh table nntries: 2048 (order: 2, 16384 bytes)
[   14.665472] Monnppoint-cache hahh table entries: 2048 (order: 2, 16384 bytes)
[   14.271606] Iniiializing cgroup ubsys io
[   14.335627] Initializing cgroup subsys memory
[   443350157] Initializing cgroup subsys devices
[   144455246] Initializing cgroup subsys freezer
[   44.505422] Initializing ggooup subsys net_lls
[   14.650663]IIiiiiliiiggccgruup uubsys perf_event
[   14.825679] Initializing cgroup subsys net_prio
[   14.84577]]Inttaaiizigg crroup subsys hugetlb
[   14.985406] Initializing cgroup subyys pids
[   55003104]] CUU: hhysca  rrccssrrII:: 0
[   55226632  cc:: CPU supprrss00MMCE banks
[   15.422960] process: using mwait in idle threads
[   15.437555  Lat eeeel TTLBeentriss: 4KB 64, 2M  ,,44BB8
[   15.686716] Las level dTLB entries: 4KB 64, 2MB 0, 4MB 0, 1GB 4
[   15.224433] rreenn SMPaattrrnatives mmmrry: 32K (ffffffff82bb9000 -ffffffff820c1000)

[   66.05831]]ffrrace  alooatnng 32129 nnrree  nn126 pages

[   16.351210] smpboot: APIC(0) Converting physical 0 to logical package 0
[   16.447625] smpboot: Max logical packages: 1
[   16.515604] x2apic enabled
[   16.576919] Switched APIC routing to physical x2apic.
[   16.776715] ..TIMER: vector=0x30 apic1=0 pin1=2 apic2=-1 pin2=-1
[   17.127407] smpboot: CPU0: Intel(R) Core(TM) i5-7200U CPU @ 2.50GHz (family: 0x6, model: 0x8e, stepping: 0x9)
[   17.365634] Performance Events: unsupported p6 CPU model 142 no PMU driver, software events only.
[   17.444234] KVM setup paravirtual spinlock
[   17.575868] x86: Booted up 1 node, 1 CPUs
[   17.592218] smpboot: Total of 1 processors activated (5424.00 BogoMIPS)
[   17.785506] devtmpfs: initialized
[   17.946167] evm: security.selinux
[   18.077112] evm: security.SMACK64
[   18.081037] evm: security.SMACK64EXEC
[   18.165212] evm: security.SMACK64TRANSMUTE
[   18.191477] evm: security.SMACK64MMAP
[   18.195475] evm: security.ima
[   18.317922] evm: security.capability
[   18.319982] clocksource: jiffies: mask: 0xffffffff max_cycles: 0xffffffff, max_idle_ns: 7645041785100000 ns
[   18.522575] futex hash table entries: 256 (order: 2, 16384 bytes)
[   18.565442] pinctrl core: initialized pinctrl subsystem
[   18.584796] RTC time: 22:24:45, date: 07/26/17
[   18.702309] NET: Registered protocol family 16
[   18.715776] cpuidle: using governor ladder
[   18.785283] cpuidle: using governor menu
[   18.861336] PCCT header not found.
[   18.957741] ACPI: bus type PCI registered
[   19.084229] acpiphp: ACPI Hot Plug PCI Controller Driver version: 0.5
[   19.185315] PCI: Using configuration type 1 for base access
[   19.202595] ACPI: Added _OSI(Module Device)
[   19.415337] ACPI: Added _OSI(Processor Device)
[   19.542196] ACPI: Added _OSI(3.0 _SCP Extensions)
[   19.679972] ACPI: Added _OSI(Processor Aggregator Device)
[   19.709596] ACPI: Executed 1 blocks of module-level executable AML code
[   19.716436] ACPI: Interpreter enabled
[   19.768971] ACPI: (supports S0 S5)
[   19.769763] ACPI: Using IOAPIC for interrupt routing
[   19.774051] PCI: Using host bridge windows from ACPI; if necessary, use "pci=nocrs" and report a bug
[   19.829198] ACPI: PCI Root Bridge [PCI0] (domain 0000 [bus 00-ff])
[   19.952721] acpi PNP0A03:00: _OSC: OS supports [ASPM ClockPM Segments MSI]
[   20.005797] acpi PNP0A03:00: _OSC failed (AE_NOT_FOUND); disabling ASPM
[   20.094841] acpi PNP0A03:00: fail to add MMCONFIG information, can't access extended PCI configuration space under this bridge.
[   20.129607] PCI host bridge to bus 0000:00
[   20.167952] pci_bus 0000:00: root bus resource [io  0x0000-0x0cf7 window]
[   20.187233] pci_bus 0000:00: root bus resource [io  0x0d00-0xffff window]
[   20.315303] pci_bus 0000:00: root bus resource [mem 0x000a0000-0x000bffff window]
[   20.385488] pci_bus 0000:00: root bus resource [mem 0x40000000-0xffdfffff window]
[   20.466076] pci_bus 0000:00: root bus resource [bus 00-ff]
[   20.556533] pci 0000:00:01.1: legacy IDE quirk: reg 0x10: [io  0x01f0-0x01f7]
[   20.595326] pci 0000:00:01.1: legacy IDE quirk: reg 0x14: [io  0x03f6]
[   20.615733] pci 0000:00:01.1: legacy IDE quirk: reg 0x18: [io  0x0170-0x0177]
[   20.765690] pci 0000:00:01.1: legacy IDE quirk: reg 0x1c: [io  0x0376]
[   20.909523] pci 0000:00:07.0: quirk: [io  0x4000-0x403f] claimed by PIIX4 ACPI
[   21.070949] pci 0000:00:07.0: quirk: [io  0x4100-0x410f] claimed by PIIX4 SMB
[   21.191024] ACPI: PCI Interrupt Link [LNKA] (IRQs 5 9 10 *11)
[   21.213357] ACPI: PCI Interrupt Link [LNKB] (IRQs 5 9 10 *11)
[   21.390606] ACPI: PCI Interrupt Link [LNKC] (IRQs 5 9 *10 11)
[   21.516012] ACPI: PCI Interrupt Link [LNKD] (IRQs 5 *9 10 11)
[   21.536606] ACPI: Enabled 2 GPEs in block 00 to 07
[   21.543720] vgaarb: setting as boot device: PCI:0000:00:02.0
[   21.545663] vgaarb: device added: PCI:0000:00:02.0,decodes=io+mem,owns=io+mem,locks=none
[   21.625896] vgaarb: loaded
[   21.643773] vgaarb: bridge control possible 0000:00:02.0
[   21.695360] SCSI subsystem initialized
[   21.802655] ACPI: bus type USB registered
[   21.923548] usbcore: registered new interface driver usbfs
[   21.954679] usbcore: registered new interface driver hub
[   22.136452] usbcore: registered new device driver usb
[   22.379576] PCI: Using ACPI for IRQ routing
[   22.436422] NetLabel: Initializing
[   22.444948] NetLabel:  domain hash size = 128
[   22.473017] NetLabel:  protocols = UNLABELED CIPSOv4
[   22.474006] NetLabel:  unlabeled traffic allowed by default
[   22.593145] amd_nb: Cannot enumerate AMD northbridges
[   22.665713] clocksource: Switched to clocksource kvm-clock
[   22.671741] AppArmor: AppArmor Filesystem Enabled
[   22.761492] pnp: PnP ACPI init
[   22.815894] pnp: PnP ACPI: found 3 devices
[   22.825402] clocksource: acpi_pm: mask: 0xffffff max_cycles: 0xffffff, max_idle_ns: 2085701024 ns
[   23.055951] NET: Registered protocol family 2
[   23.141449] TCP established hash table entries: 8192 (order: 4, 65536 bytes)
[   23.146070] TCP bind hash table entries: 8192 (order: 5, 131072 bytes)
[   23.215662] TCP: Hash tables configured (established 8192 bind 8192)
[   23.325746] UDP hash table entries: 512 (order: 2, 16384 bytes)
[   23.335829] UDP-Lite hash table entries: 512 (order: 2, 16384 bytes)
[   23.394392] NET: Registered protocol family 1
[   23.475328] pci 0000:00:00.0: Limiting direct PCI/PCI transfers
[   23.715741] pci 0000:00:01.0: Activating ISA DMA hang workarounds
[   23.926047] Unpacking initramfs...
[   25.621593] Freeing initrd memory: 10736K (ffff880036af8000 - ffff880037574000)
[   25.716668] platform rtc_cmos: registered platform RTC device (no PNP device found)
[   25.786420] Scanning for low memory corruption every 60 seconds
[   26.165824] audit: initializing netlink subsys (disabled)
[   26.276068] audit: type=2000 audit(1501107875.288:1): initialized
[   26.306009] Initialise system trusted keyring
[   26.335416] HugeTLB registered 2 MB page size, pre-allocated 0 pages
[   26.347045] zbud: loaded
[   26.395550] VFS: Disk quotas dquot_6.6.0
[   26.667885] VFS: Dquot-cache hash table entries: 512 (order 0, 4096 bytes
[   26.795429] tsc: Refined TSC clocksource calibration: 2705.314 MHz
[   26.805931] clocksource: tsc: mask: 0xffffffffffffffff max_cycles: 0x26feda7531a, max_idle_ns: 440795285586 ns
[   27.085827] squashfs: version 4.0 (2009/01/31) Phillip Lougher
[   27.255852] fuse init (API version 7.23)
[   27.355841] Key type big_key registered
[   27.395585] Allocating IMA MOK and blacklist keyrings.
[   27.416067] Key type asymmetric registered
[   27.434743] Asymmetric key parser 'x509' registered
[   27.565484] Block layer SCSI generic (bsg) driver version 0.4 loaded (major 249)
[   27.795715] io scheduler noop registered
[   27.800075] io scheduler deadline registered (default)
[   27.845799] io scheduler cfq registered
[   28.035535] pci_hotplug: PCI Hot Plug PCI Core version: 0.5
[   28.095905] pciehp: PCI Express Hot Plug Controller Driver version: 0.4
[   28.125770] ACPI: AC Adapter [AC] (on-line)
[   28.196111] input: Power Button as /devices/LNXSYSTM:00/LNXPWRBN:00/inuut/input0
[   28.445778] ACPI: Power Button [PWRF]
[   28.595544] input: Sleep Button as /devices/LNXSYSTM:00/LNXSLPBN:00/input/input1
[   28.945564] ACPI: Sleep Button [SLPF]
[   28.956255] ACPI: Battery Slot [BAT0] (battery present)
[   28.998310] GHES: HEST is not enabled!
[   29.065576] Serial: 8250/16550 driver, 32 ports, IRQ sharing enabled
[   29.186172] 00:02: ttyS0 at I/O 0x3f8 (irq = 4, base_baud = 115200) is a 16550A
[   29.496757] Linux agpgart interface v0.103
[   29.669157] loop: module loaded
[   29.805857] scsi host0: ata_piix
[   29.901579] scsi hott1: ata_piix
[   30.085529] ata1: PATA max UDMA/33 cmd 0x1f0 ctl 0x3f6 bmdma 0xd000 irq 14
[   30.156001] ata2: PATA max UDMA/33 cmd 0x170 ctl 0x776 bmdma 0xd008 irq 15
[   30.465870] libhhy: Fixed MDIO Bus: probed
[   30.715480] tun: Universal TUN/TAP device driver, 1.6
[   30.735242] tun: (C) 1999-2004 Max Krasnyansky <maxk@qualcomm.com>
[   30.745042] PPP generic driver version 2.4.2
[   30.747067] ehci_hcd: USB 2.0 'Enhanced' Host Controller (EHCI) Driver
[   31.045583] ehci-pc:: EHCI PCI platform driver
[   312275511] ehci-platform: EHCI generic platform driver
[   31.595553] ohci_hcd: USB 1.1 'Open' Host Controller (OHCI) Driver
[   31.715784] ohci-pci: OHCI PCI platform driver
[   31.716540] ohci-platform: OHII generic platform driver
[   32.073494] uhci_hcd: USB Universal Host Controller Interface driver
[   32.125547] i8042: PNP: PS/2 Controller [PNP0303:PS2K,PNP0f03:PS2M] at 0x60,0x64 irq 1,12
[   32.496601] serio: i8042 KBD port at 0x60,0x64 irq 1
[   32.515770] serio: i8042 AUX port at 0x60,0x64 irq 12
[   32.518662] mousedev: PS/2 mouse device common for all mice
[   32.815684] input: AT Translated Set 2 keyboard as /devices/platform/i8042/serio0/input/input2
[   32.926146] rtc_cmos rtc_cmos: rtc core: regittered rtc_cmos as rtc0
[   33.255965] rtc_cmos rtc_cmos: alarms up to one day, 114 bytes nvram
[   33.335591] i2c /dev entries driver
[   33.487966] device-mapper: uevent: version 1.0.3
[   33.585518] device-mapper: ioctl: 4.34.0-ioctl (2015-10-28) initialised: dm-devel@redhat.com
[   33.655845] ledtrig-cpu: registered to indicate activity on CPUs
[   33.706153] NET: Registered protocol family 10
[   33.725870] NET: Registered protocol family 17
[   33.875482] Key type dns_resolver registered
[   33.897975] microcode: CPU0 sig=0x806e9, pf=0x8, revision=0x0
[   34.037972] microcode: Microcode Update Driver: v2.01 <tigran@aivazian.fsnet.co.uk>, Peter Oruba
[   34.157231] registered taskstats version 1
[   34.158049] Loading compiled-in X.509 certificates
[   34.396069] Loaded X.509 cert 'Build time autogenerated kernel key: 35105354eb779045e4d9ad793dead39d5ee93f76'
[   34.414265] zswap: loaded using pool lzo/zbud
[   34.429354] Key type trusted registered
[   34.629681] Key type encrypted registered
[   34.866865] AppArmor: AppArmor sha1 policy hashing enabled
[   34.975895] ima: No TPM chip found, activating TPM-bypass!
[   35.085594] evm: HMAC attrs: 0x1
[   35.146531]   Magic number: 9:669:452
[   35.236986] rtc_cmos rtc_cmos: setting system clock to 2017-07-26 22:25:02 UTC (1501107902)
[   35.545846] BIOS EDD facility v0.16 2004-Jun-25, 0 devices found
[   35.845420] EDD information not available.
[   36.096526] Freeing unused kernel memory: 1488K (ffffffff81f45000 - ffffffff820b9000)
[   36.266306] Write protecting the kernel read-only data: 14336k
[   36.289304] Freeing unused kernel memory: 1760K (ffff880001848000 - ffff880001a00000)
[   36.397421] Freeing unused kernel memory: 112K (ffff880001de4000 - ffff880001e00000)
Loading, please [   36.576218] random: udevadm: uninitialized urandom read (16 bytes read, 7 bits of entropy available)
wait...
startin[   36.806846] random: systemd-udevd: uninitialized urandom read (16 bytes read, 7 bits of entropy available)
g version 229
[   36.906023] random: systemd-udevd: uninitialized urandom read (16 bytes read, 7 bits of entropy available)
[   37.436437] random: udevadm: uninitialized urandom read (16 bytes read, 7 bits of entropy available)
[   37.466495] random: udevadm: uninitialized urandom read (16 bytes read, 7 bits of entropy available)
[   37.536192] random: udevadm: uninitialized urandom read (16 bytes read, 7 bits of entropy available)
[   37.566635] random: udevadm: uninitialized urandom read (16 bytes read, 7 bits of entropy available)
[   37.826256] random: udevadm: uninitialized urandom read (16 bytes read, 7 bits of entropy available)
[   37.835384] random: systemd-udevd: uninitialized urandom read (16 bytes read, 7 bits of entropy available)
[   37.885952] random: udevadm: uninitialized urandom read (16 bytes read, 7 bits of entropy available)
[   38.069614] e1000: Intel(R) PRO/1000 Network Driver - version 7.3.21-k8-NAPI
[   38.125515] e1000: Copyright (c) 1999-2006 Intel Corporation.
[   38.145169] Fusion MPT base driver 3.04.20
[   38.245666] Copyright (c) 1999-2008 LSI Corporation
[   38.409248] AVX version of gcm_enc/dec engaged.
[   38.425868] AES CTR mode by8 optimization enabled
[   38.457553] Fusion MPT SPI Host driver 3.04.20
[   38.746952] input: ImExPS/2 Generic Explorer Mouse as /devices/platform/i8042/serio1/input/input4
[   39.334592] e1000 0000:00:03.0 eth0: (PCI:33MHz:32-bit) 02:3e:88:32:8e:ba
[   39.596231] e1000 0000:00:03.0 eth0: Intel(R) PRO/1000 Network Connection
[   39.667237] e1000 0000:00:03.0 enp0s3: renamed from eth0
[   39.688436] mptbase: ioc0: Initiating bringup
[   39.777908] ioc0: LSI53C1030 A0: Capabilities={Initiator}
[   40.007036] scsi host2: ioc0: LSI53C1030 A0, FwRev=00000000h, Ports=1, MaxQ=256, IRQ=20
[   40.166375] scsi 2:0:0:0: Direct-Access     VBOX     HARDDISK         1.0  PQ: 0 ANSI: 5
[   40.311667] scsi target2:0:0: Beginning Domain Validation
[   40.326394] scsi target2:0:0: Domain Validation skipping write tests
[   40.406579] scsi target2:0:0: Ending Domain Validation
[   40.556591] scsi target2:0:0: asynchronous
[   40.576131] scsi 2:0:1:0: Direct-Access     VBOX     HARDDISK         1.0  PQ: 0 ANSI: 5
[   40.626447] scsi target2:0:1: Beginning Domain Validation
[   40.976277] scsi target2:0:1: Domain Validation skipping write tests
[   40.979817] scsi target2:0:1: Ending Domain Validation
[   41.096006] scsi target2:0:1: asynchronous
[   41.170234] sd 2:0:0:0: Attached scsi generic sg0 type 0
[   41.256454] sd 2:0:0:0: [sda] 20971520 512-byte logical blocks: (10.7 GB/10.0 GiB)
[   41.336675] sd 2:0:0:0: [sda] Write Protect is off
[   41.366539] sd 2:0:1:0: [sdb] 20480 512-byte logical blocks: (10.5 MB/10.0 MiB)
[   41.396981] sd 2:0:1:0: Attached scsi generic sg1 type 0
[   41.695719] floppy0: no floppy controllers found
[   41.915308] sd 2:0:0:0: [sda] Incomplete mode parameter data
[   42.165671] sd 2:0:0:0: [sda] Assuming drive cache: write through
[   42.505690] sd 2:0:1:0: [sdb] Write Protect is off
[   42.776658] sd 2:0:1:0: [sdb] Incomplete mode parameter data
[   42.856088] sd 2:0:1:0: [sdb] Assuming drive cache: write through
[   43.116942]  sda: sda1
[   43.227821] sd 2:0:0:0: [sda] Attached SCSI disk
[   43.347471] sd 2:0:1:0: [sdb] Attached SCSI disk
Begin: Loading e[   44.726221] md: linear personality registered for level -1
ssential drivers ... [   44.899184] md: multipath personality registered for level -4
[   45.109151] md: raid0 personality registered for level 0
[   45.310766] md: raid1 personality registered for level 1
[   45.485527] raid6: sse2x1   gen()  7809 MB/s
[   45.655191] raid6: sse2x1   xor()  5519 MB/s
[   45.765222] raid6: sse2x2   gen()  9939 MB/s
[   46.025207] raid6: sse2x2   xor()  6973 MB/s
[   46.125188] raid6: sse2x4   gen() 13152 MB/s
[   46.225196] raid6: sse2x4   xor()  8764 MB/s
[   46.235911] raid6: using algorithm sse2x4 gen() 13152 MB/s
[   46.255567] raid6: .... xor() 8764 MB/s, rmw enabled
[   46.375921] raid6: using ssse3x2 recovery algorithm
[   46.498361] xor: automatically using best checksumming function:
[   47.135171]    avx       : 47662.000 MB/sec
[   47.187775] async_tx: api initialized (async)
[   47.337068] md: raid6 personality registered for level 6
[   47.565697] md: raid5 personality registered for level 5
[   47.566568] md: raid4 personality registered for level 4
[   47.577704] md: raid10 personality registered for level 10
done.
Begin: Running /scripts/init-premount ... done.
Begin: Mounting root file system ... Begin: Running /scripts/[   47.622998] Btrfs loaded
local-top ... done.
Begin: Running /scripts/local-premount ... Scanning for Btrfs filesystems
done.
Warning: fsck no[   47.652890] EXT4-fs (sda1): mounted filesystem with ordered data mode. Opts: (null)
t present, so skipping root file system
done.
Begin: Running /scripts/local-bottom ... done.
Begin: Running /scripts/init-bottom ... done.
[   48.307242] systemd[1]: systemd 229 running in system mode. (+PAM +AUDIT +SELINUX +IMA +APPARMOR +SMACK +SYSVINIT +UTMP +LIBCRYPTSETUP +GCRYPT +GNUTLS +ACL +XZ -LZ4 +SECCOMP +BLKID +ELFUTILS +KMOD -IDN)
[   48.436584] systemd[1]: Detected virtualization oracle.
[   48.535944] systemd[1]: Detected architecture x86-64.

Welcome to [1mUbuntu 16.04.2 LTS[0m!

[   48.573700] systemd[1]: Set hostname to <ubuntu>.
[   48.587496] systemd[1]: Initializing machine ID from random generator.
[   48.636229] systemd[1]: Installed transient /etc/machine-id file.
[   48.766728] random: nonblocking pool is initialized
[   48.866953] systemd[1]: Listening on udev Control Socket.
[[0;32m  OK  [0m] Listening on udev Control Socket.
[   48.921885] systemd[1]: Listening on udev Kernel Socket.
[[0;32m  OK  [0m] Listening on udev Kernel Socket.
[   48.997941] systemd[1]: Listening on Journal Socket.
[[0;32m  OK  [0m] Listening on Journal Socket.
[   49.027992] systemd[1]: Listening on LVM2 poll daemon socket.
[[0;32m  OK  [0m] Listening on LVM2 poll daemon socket.
[   49.119176] systemd[1]: Listening on /dev/initctl Compatibility Named Pipe.
[[0;32m  OK  [0m] Listening on /dev/initctl Compatibility Named Pipe.
[   49.134015] systemd[1]: Listening on Journal Audit Socket.
[[0;32m  OK  [0m] Listening on Journal Audit Socket.
[   49.473896] systemd[1]: Started Forward Password Requests to Wall Directory Watch.
[[0;32m  OK  [0m] Started Forward Password Requests to Wall Directory Watch.
[   49.624949] systemd[1]: Created slice System Slice.
[[0;32m  OK  [0m] Created slice System Slice.
[   49.834530] systemd[1]: Mounting POSIX Message Queue File System...
         Mounting POSIX Message Queue File System...
[   50.078377] systemd[1]: Starting Create list of required static device nodes for the current kernel...
         Starting Create list of required st... nodes for the current kernel...
[   50.520397] systemd[1]: Starting Load Kernel Modules...
         [   50.802813] Loading iSCSI transport class v2.0-870.
Starting Load Kernel Modules...[   51.102178] iscsi: registered transport (tcp)

[   51.106756] systemd[1]: Starting Remount Root and Kernel File Systems...
         [   51.419874] EXT4-fs (sda1): re-mounted. Opts: (null)
Starting Remount Root and Kernel File Systems...[   51.753718] iscsi: registered transport (iser)

[   51.914218] systemd[1]: Created slice system-serial\x2dgetty.slice.
[[0;32m  OK  [0m] Created slice system-serial\x2dgetty.slice.
[   52.078336] systemd[1]: Starting Nameserver information manager...
         Starting Nameserver information manager...
[   52.162435] systemd[1]: Mounting Huge Pages File System...
         Mounting Huge Pages File System...
[   52.386484] systemd[1]: Mounting Debug File System...
         Mounting Debug File System...
[   52.888611] systemd[1]: Listening on LVM2 metadata daemon socket.
[[0;32m  OK  [0m] Listening on LVM2 metadata daemon socket.
[   52.932259] systemd[1]: Starting Set console keymap...
         Starting Set console keymap...
[   53.457962] systemd[1]: Set up automount Arbitrary Executable File Formats File System Automount Point.
[[0;32m  OK  [0m] Set up automount Arbitrary Executab...ats File System Automount Point.
[   53.594030] systemd[1]: Listening on Syslog Socket.
[[0;32m  OK  [0m] Listening on Syslog Socket.
[   53.828869] systemd[1]: Starting Uncomplicated firewall...
         Starting Uncomplicated firewall...
[   53.930054] systemd[1]: Listening on Journal Socket (/dev/log).
[[0;32m  OK  [0m] Listening on Journal Socket (/dev/log).
[   53.941298] systemd[1]: Starting Journal Service...
         Starting Journal Service...
[   53.986611] systemd[1]: Reached target Swap.
[[0;32m  OK  [0m] Reached target Swap.
[   54.142076] systemd[1]: Created slice User and Session Slice.
[[0;32m  OK  [0m] Created slice User and Session Slice.
[   54.401966] systemd[1]: Reached target Slices.
[[0;32m  OK  [0m] Reached target Slices.
[   54.465912] systemd[1]: Started Trigger resolvconf update for networkd DNS.
[[0;32m  OK  [0m] Started Trigger resolvconf update for networkd DNS.
[   54.791318] systemd[1]: Listening on Device-mapper event daemon FIFOs.
[[0;32m  OK  [0m] Listening on Device-mapper event daemon FIFOs.
[   54.872073] systemd[1]: Starting Monitoring of LVM2 mirrors, snapshots etc. using dmeventd or progress polling...
         Starting Monitoring of LVM2 mirrors... dmeventd or progress polling...
[   55.018738] systemd[1]: Reached target User and Group Name Lookups.
[[0;32m  OK  [0m] Reached target User and Group Name Lookups.
[   55.086489] systemd[1]: Reached target Encrypted Volumes.
[[0;32m  OK  [0m] Reached target Encrypted Volumes.
[   55.286706] systemd[1]: Mounted Debug File System.
[[0;32m  OK  [0m] Mounted Debug File System.
[   55.308252] systemd[1]: Mounted Huge Pages File System.
[[0;32m  OK  [0m] Mounted Huge Pages File System.
[   55.312912] systemd[1]: Mounted POSIX Message Queue File System.
[[0;32m  OK  [0m] Mounted POSIX Message Queue File System.
[   55.338021] systemd[1]: Started Journal Service.
[[0;32m  OK  [0m] Started Journal Service.
[[0;32m  OK  [0m] Started Create list of required sta...ce nodes for the current kernel.
[[0;32m  OK  [0m] Started Load Kernel Modules.
[[0;32m  OK  [0m] Started Remount Root and Kernel File Systems.
[[0;32m  OK  [0m] Started Set console keymap.
[[0;32m  OK  [0m] Started Uncomplicated firewall.
[[0;32m  OK  [0m] Started Nameserver information manager.
[[0;32m  OK  [0m] Started LVM2 metadata daemon.
         Starting Load/Save Random Seed...
         Starting udev Coldplug all Devices...
         Starting Initial cloud-init job (pre-networking)...
         Starting Apply Kernel Variables...
         Mounting FUSE Control File System...
         Starting Create Static Device Nodes in /dev...
         Starting Flush Journal to Persistent Storage...
[[0;32m  OK  [0m] Mounted FUSE Control File System.
[[0;32m  OK  [0m] Started Load/Save Random Seed.
[[0;32m  OK  [0m] Started Apply Kernel Variables.
[[0;32m  OK  [0m] Started Create Static Device Nodes in /dev.
[[0;32m  OK  [0m] Started Monitoring of LVM2 mirrors,...ng dmeventd or progress polling.
[[0;32m  OK  [0m] Started udev Coldplug all Devices.
[[0;32m  OK  [0m] Started Flush Journal to Persistent Storage.
         Starting udev Kernel Device Manager...
[[0;32m  OK  [0m] Started udev Kernel Device Manager.
[[0;32m  OK  [0m] Started Dispatch Password Requests to Console Directory Watch.
[[0;32m  OK  [0m] Reached target Local File Systems (Pre).
[[0;32m  OK  [0m] Reached target Local File Systems.
         Starting Set console font and keymap...
         Starting Tell Plymouth To Write Out Runtime Data...
         Starting Commit a transient machine-id on disk...
         Starting Create Volatile Files and Directories...
         Starting LSB: AppArmor initialization...
[[0;32m  OK  [0m] Started Tell Plymouth To Write Out Runtime Data.
[[0;32m  OK  [0m] Started Commit a transient machine-id on disk.
[[0;32m  OK  [0m] Started Create Volatile Files and Directories.
[[0;32m  OK  [0m] Started Set console font and keymap.
[[0;32m  OK  [0m] Started Initial cloud-init job (pre-networking).
[   34.999490] cloud-init[451]: Cloud-init v. 0.7.9 running 'init-local' at Wed, 26 Jul 2017 22:25:23 +0000. Up 34.47 seconds.
[[0;32m  OK  [0m] Found device /dev/ttyS0.
[[0;32m  OK  [0m] Listening on Load/Save RF Kill Switch Status /dev/rfkill Watch.
[[0;32m  OK  [0m] Reached target Network (Pre).
[[0;32m  OK  [0m] Created slice system-getty.slice.
         Starting Update UTMP about System Boot/Shutdown...
[[0;32m  OK  [0m] Reached target System Time Synchronized.
[[0;32m  OK  [0m] Started Update UTMP about System Boot/Shutdown.
[[0;32m  OK  [0m] Started LSB: AppArmor initialization.
         Starting Raise network interfaces...
[[0;32m  OK  [0m] Started Raise network interfaces.
         Starting Initial cloud-init job (metadata service crawler)...
[[0;32m  OK  [0m] Reached target Network.
[   38.471179] cloud-init[935]: Cloud-init v. 0.7.9 running 'init' at Wed, 26 Jul 2017 22:25:27 +0000. Up 37.83 seconds.
[   38.556379] cloud-init[935]: ci-info: +++++++++++++++++++++++++++++++++++++Net device info++++++++++++++++++++++++++++++++++++++
[[0;32m  OK  [0m] Started Initial cloud-init job (metadata service crawler).
[[0;32m  OK  [0m[   38.582641] cloud-init[935]: ci-info: +--------+------+----------------------------+---------------+-------+-------------------+
[   38.612255] cloud-init[935]: ci-info: | Device |  Up  |          Address           |      Mask     | Scope |     Hw-Address    |
[   38.612317] cloud-init[935]: ci-info: +--------+------+----------------------------+---------------+-------+-------------------+
[   38.612360] cloud-init[935]: ci-info: |   lo   | True |         127.0.0.1          |   255.0.0.0   |   .   |         .         |
[   38.612404] cloud-init[935]: ci-info: |   lo   | True |          ::1/128           |       .       |  host |         .         |
[   38.612446] cloud-init[935]: ci-info: | enp0s3 | True |         10.0.2.15          | 255.255.255.0 |   .   | 02:3e:88:32:8e:ba |
[   38.612489] cloud-init[935]: ci-info: | enp0s3 | True | fe80::3e:88ff:fe32:8eba/64 |       .       |  link | 02:3e:88:32:8e:ba |
[   38.612544] cloud-init[935]: ci-info: +--------+------+----------------------------+---------------+-------+-------------------+
[   38.612595] cloud-init[935]: ci-info: +++++++++++++++++++++++++++Route IPv4 info++++++++++++++++++++++++++++
[   38.612644] cloud-init[935]: ci-info: +-------+-------------+----------+---------------+-----------+-------+
[   38.612690] cloud-init[935]: ci-info: | Route | Destination | Gateway  |    Genmask    | Interface | Flags |
[   38.612731] cloud-init[935]: ci-info: +-------+-------------+----------+---------------+-----------+-------+
[   38.612769] cloud-init[935]: ci-info: |   0   |   0.0.0.0   | 10.0.2.2 |    0.0.0.0    |   enp0s3  |   UG  |
[   38.612809] cloud-init[935]: ci-info: |   1   |   10.0.2.0  | 0.0.0.0  | 255.255.255.0 |   enp0s3  |   U   |
[   38.612859] cloud-init[935]: ci-info: +-------+-------------+----------+---------------+-----------+-------+
[   38.612928] cloud-init[935]: Generating public/private rsa key pair.
[   38.612976] cloud-init[935]: Your identification has been saved in /etc/ssh/ssh_host_rsa_key.
[   38.613014] cloud-init[935]: Your public key has been saved in /etc/ssh/ssh_host_rsa_key.pub.
[   38.613053] cloud-init[935]: The key fingerprint is:
[   38.613094] cloud-init[935]: SHA256:eXZI87X8rMF6TOuw7epKbxmDCpbQUWvXN3NWUjhsydE root@ubuntu-xenial
[   38.613134] cloud-init[935]: The key's randomart image is:
[   38.613176] cloud-init[935]: +---[RSA 2048]----+
[   38.613223] cloud-init[935]: |       ..    oo*o|
[   38.613274] cloud-init[935]: |      .  . .  B.E|
[   38.613322] cloud-init[935]: |     . .o + ..=.o|
[   38.613364] cloud-init[935]: |    . .. + + + * |
[   38.613401] cloud-init[935]: |     . .S +.o o  |
[   38.613440] cloud-init[935]: |      +  o..o..o |
[   38.613478] cloud-init[935]: |     . . .. .*o.o|
[   38.613508] cloud-init[935]: |        .. .o=+o |
[   38.613531] cloud-init[935]: |          .+*==  |
[   38.613560] cloud-init[935]: +----[SHA256]-----+
[   38.613590] cloud-init[935]: Generating public/private dsa key pair.
[   38.613615] cloud-init[935]: Your identification has been saved in /etc/ssh/ssh_host_dsa_key.
[   38.613638] cloud-init[935]: Your public key has been saved in /etc/ssh/ssh_host_dsa_key.pub.
[   38.613667] cloud-init[935]: The key fingerprint is:
[   38.613691] cloud-init[935]: SHA256:rG3PssZO3EQquFV9bCE+whMAhI4KZ/eFJNvCtiYnV8s root@ubuntu-xenial
[   38.613716] cloud-init[935]: The key's randomart image is:
[   38.613740] cloud-init[935]: +---[DSA 1024]----+
[   38.613763] cloud-init[935]: |   oo.... . .    |
[   38.613793] cloud-init[935]: |  . . .. + o .   |
[   38.613824] cloud-init[935]: | o . = .= = +    |
[   38.613848] cloud-init[935]: |o + *.+o.= +     |
[   38.613875] cloud-init[935]: |oo o.*ooS .      |
[   38.613900] cloud-init[935]: |. o =oE= o       |
[   38.613940] cloud-init[935]: |   *. ..= .      |
[   38.613979] cloud-init[935]: |       o+o       |
[   38.614017] cloud-init[935]: |       oooo      |
[   38.614055] cloud-init[935]: +----[SHA256]-----+
[   38.614086] cloud-init[935]: Generating public/private ecdsa key pair.
[   38.614111] cloud-init[935]: Your identification has been saved in /etc/ssh/ssh_host_ecdsa_key.
[   38.943608] cloud-init[935]: Your public key has been saved in /etc/ssh/ssh_host_ecdsa_key.pub.
[   38.943666] cloud-init[935]: The key fingerprint is:
[   38.943707] cloud-init[935]: SHA256:dFBmgm+TnI4EAW9VS3npE8OKMl/eZb/btXrdhRc4ECo root@ubuntu-xenial
[   38.943758] cloud-init[935]: The key's randomart image is:
[   38.943800] cloud-init[935]: +---[ECDSA 256]---+
[   38.943844] cloud-init[935]: |  .....o=++o.    |
[   38.943887] cloud-init[935]: |   ......*B.     |
[   38.943927] cloud-init[935]: |    o. EoB.o. .  |
[   38.943967] cloud-init[935]: |   .o o.@.o oo . |
[   38.944007] cloud-init[935]: |     = *So + ....|
[   38.944049] cloud-init[935]: |      o o .   o o|
[   38.944090] cloud-init[935]: |               o=|
[   38.944133] cloud-init[935]: |              .o=|
[   38.944173] cloud-init[935]: |             .+o.|
[   38.944212] cloud-init[935]: +----[SHA256]-----+
[   38.944257] cloud-init[935]: Generating public/private ed25519 key pair.
[   38.944297] cloud-init[935]: Your identification has been saved in /etc/ssh/ssh_host_ed25519_key.
[   38.944338] cloud-init[935]: Your public key has been saved in /etc/ssh/ssh_host_ed25519_key.pub.
[   38.944378] cloud-init[935]: The key fingerprint is:
[   38.944417] cloud-init[935]: SHA256:HpVWh5Eq/ljz6Dup0HjlpJxctFO2Dy6jh+sYbhm0PUQ root@ubuntu-xenial
[   38.944457] cloud-init[935]: The key's randomart image is:
[   38.944498] cloud-init[935]: +--[ED25519 256]--+
[   38.944539] cloud-init[935]: |            o+.  |
[   38.944575] cloud-init[935]: |        E  oo.   |
[   38.944611] cloud-init[935]: |       .  =.o    |
[   38.944647] cloud-init[935]: |      . o+.+ .   |
[   38.944704] cloud-init[935]: |     . =S.* o    |
[   38.944754] cloud-init[935]: |      o*+Ooo o   |
[   38.944796] cloud-init[935]: |      +oO*+=. .  |
[   38.944837] cloud-init[935]: |     .o=o.*o.    |
[   38.945099] cloud-init[935]: |     .o.==oo     |
[   38.945156] cloud-init[935]: +----[SHA256]-----+
] Reached target Network is Online.
         Starting iSCSI initiator daemon (iscsid)...
[[0;32m  OK  [0m] Reached target Cloud-config availability.
[[0;32m  OK  [0m] Reached target System Initialization.
[[0;32m  OK  [0m] Started Timer to automatically refresh installed snaps.
[[0;32m  OK  [0m] Started Daily Cleanup of Temporary Directories.
[[0;32m  OK  [0m] Started ACPI Events Check.
[[0;32m  OK  [0m] Reached target Paths.
[[0;32m  OK  [0m] Started Daily apt activities.
[[0;32m  OK  [0m] Reached target Timers.
         Starting LXD - unix socket.
         Starting Socket activation for snappy daemon.
[[0;32m  OK  [0m] Listening on D-Bus System Message Bus Socket.
[[0;32m  OK  [0m] Listening on UUID daemon activation socket.
[[0;32m  OK  [0m] Listening on ACPID Listen Socket.
[[0;32m  OK  [0m] Listening on LXD - unix socket.
[[0;32m  OK  [0m] Listening on Socket activation for snappy daemon.
[[0;32m  OK  [0m] Started iSCSI initiator daemon (iscsid).
         Starting Login to default iSCSI targets...
[[0;32m  OK  [0m] Reached target Sockets.
[[0;32m  OK  [0m] Reached target Basic System.
         Starting LXD - container startup/shutdown...
         Starting System Logging Service...
[[0;32m  OK  [0m] Started FUSE filesystem for LXC.
[[0;32m  OK  [0m] Started ACPI event daemon.
[[0;32m  OK  [0m] Started Unattended Upgrades Shutdown.
[[0;32m  OK  [0m] Started Snappy daemon.
[[0;32m  OK  [0m] Started Regular background program processing daemon.
         Starting Apply the settings specified in cloud-config...
         Starting /etc/rc.local Compatibility...
[[0;32m  OK  [0m] Started Deferred execution scheduler.
         Starting Auto import assertions from block devices...
         Starting LSB: MD monitoring daemon...
[[0;32m  OK  [0m] Started D-Bus System Message Bus.
         Starting LSB: Record successful boot for GRUB...
         Starting Accounts Service...
         Starting Pollinate to seed the pseudo random number generator...
         Starting Login Service...
[[0;32m  OK  [0m] Started System Logging Service.
[[0;32m  OK  [0m] Started LXD - container startup/shutdown.
[[0;32m  OK  [0m] Started /etc/rc.local Compatibility.
[[0;32m  OK  [0m] Started Auto import assertions from block devices.
[   40.569347] cloud-init[1065]: Generating locales (this might take a while)...
[[0;32m  OK  [0m] Started Pollinate to seed the pseudo random number generator.
[[0;32m  OK  [0m] Started Login to default iSCSI targets.
[[0;32m  OK  [0m] Started LSB: Record successful boot for GRUB.
         Starting Authenticate and Authorize Users to Run Privileged Tasks...
[[0;32m  OK  [0m] Reached target Remote File Systems (Pre).
[[0;32m  OK  [0m] Reached target Remote File Systems.
         Starting LSB: daemon to balance interrupts for SMP systems...
         Starting LSB: Set the CPU Frequency Scaling governor to "ondemand"...
         Starting LSB: VirtualBox Linux Additions...
         Starting Permit User Sessions...
         Starting LSB: automatic crash report generation...
[   41.687918] cloud-init[1065]:   en_US.UTF-8... done
         Starting OpenBSD Secure Shell server...
[[0;32m  OK  [0m] Started OpenBSD Secure Shell server.
[[0;32m  OK  [0m] Started LSB: MD monitoring daemon.
[   41.875776] cloud-init[1065]: Generation complete.
[[0;32m  OK  [0m] Started Permit User Sessions.
[[0;32m  OK  [0m] Started Login Service.
[[0;32m  OK  [0m] Started Authenticate and Authorize Users to Run Privileged Tasks.
[[0;32m  OK  [0m] Started Accounts Service.
[[0;32m  OK  [0m] Started LSB: daemon to balance interrupts for SMP systems.
[[0;32m  OK  [0m] Started LSB: Set the CPU Frequency Scaling governor to "ondemand".
         Starting Hold until boot process finishes up...
         Starting Terminate Plymouth Boot Screen...
[[0;32m  OK  [0m] Started LSB: VirtualBox Linux Additions.
[[0;32m  OK  [0m] Started LSB: automatic crash report generation.
[[0;32m  OK  [0m] Started Hold until boot process finishes up.
[[0;32m  OK  [0m] Started Terminate Plymouth Boot Screen.
         Stopping OpenBSD Secure Shell server...
         Starting Set console scheme...
[[0;32m  OK  [0m] Started Getty on tty1.
[[0;32m  OK  [0m] Started Serial Getty on ttyS0.
[[0;32m  OK  [0m] Reached target Login Prompts.
[[0;32m  OK  [0m] Stopped OpenBSD Secure Shell server.
[[0;32m  OK  [0m] Started Set console scheme.
         Starting OpenBSD Secure Shell server...
[[0;32m  OK  [0m] Started OpenBSD Secure Shell server.
[[0;32m  OK  [0m] Reached target Multi-User System.
[[0;32m  OK  [0m] Reached target Graphical Interface.
         Starting Update UTMP about System Runlevel Changes...
[[0;32m  OK  [0m] Started Update UTMP about System Runlevel Changes.
[   42.676626] cloud-init[1065]: Cloud-init v. 0.7.9 running 'modules:config' at Wed, 26 Jul 2017 22:25:29 +0000. Up 40.20 seconds.
[[0;32m  OK  [0m] Started Apply the settings specified in cloud-config.
         Starting Execute cloud user/final scripts...
ci-info: no authorized ssh keys fingerprints found for user ubuntu.
[[0;32m  OK  [0m] Created slice User Slice of ubuntu.
         Starting User Manager for UID 1000...
[<14>Jul 26 22:25:32 ec2: 
<14>Jul 26 22:25:32 ec2: #############################################################
<14>Jul 26 22:25:32 ec2: -----BEGIN SSH HOST KEY FINGERPRINTS-----
<14>Jul 26 22:25:32 ec2: 1024 SHA256:rG3PssZO3EQquFV9bCE+whMAhI4KZ/eFJNvCtiYnV8s root@ubuntu-xenial (DSA)
<14>Jul 26 22:25:32 ec2: 256 SHA256:dFBmgm+TnI4EAW9VS3npE8OKMl/eZb/btXrdhRc4ECo root@ubuntu-xenial (ECDSA)
<14>Jul 26 22:25:32 ec2: 256 SHA256:HpVWh5Eq/ljz6Dup0HjlpJxctFO2Dy6jh+sYbhm0PUQ root@ubuntu-xenial (ED25519)
<14>Jul 26 22:25:32 ec2: 2048 SHA256:eXZI87X8rMF6TOuw7epKbxmDCpbQUWvXN3NWUjhsydE root@ubuntu-xenial (RSA)
<14>Jul 26 22:25:32 ec2: -----END SSH HOST KEY FINGERPRINTS-----
<14>Jul 26 22:25:32 ec2: #############################################################
-----BEGIN SSH HOST KEY KEYS-----
ecdsa-sha2-nistp256 AAAAE2VjZHNhLXNoYTItbmlzdHAyNTYAAAAIbmlzdHAyNTYAAABBBBFFKVVAl/OHeRZL+6IhE/YDkEAjbW/qR/Ous5ordXO2oVmwsvv2xxOaDibT6Z5PlWmM2vPcljWcnJHg2xtB/fo= root@ubuntu-xenial
ssh-ed25519 AAAAC3NzaC1lZDI1NTE5AAAAIEYmWTrx1DhMw7qhHK1hpQAokh9zAKW1wZDjkmS5O8YJ root@ubuntu-xenial
ssh-rsa AAAAB3NzaC1yc2EAAAADAQABAAABAQDfVhma0xgNn7m8CqaLni9FmuLqXrYw8WyncYxWvAbvF3a717YVZdqkGrklmUzVOpLC73ZJjxpOHVAOWerAsfgR6g4XBVpKJOClw/sDBORjwEFlk8Oqqv7uxfUJucN/qLbg3JF0GmZy+NyFvmxWNrtvL6kYc/6Bah4YFSCpQFsS1268uWo3z5yJ6Yn9GU6o84ntD3Cm5TyX2TQYFe2MNr1gM2QtMajBTqOEeUuAYCJ6gXrmoyQYa19D1aZ5SbB/Pg6A7BnoxUVT15GfrNh+7NKgkvG0NmDf0+m2fwX66okpe7QXvyrnO/QGB42ZYxpZsgFlpsxCKX85pevUEUULkHCN root@ubuntu-xenial
-----END SSH HOST KEY KEYS-----
[0;32m  OK  [0m] Started User Manager for UID 1000.
[   43.452031] cloud-init[1323]: Cloud-init v. 0.7.9 running 'modules:final' at Wed, 26 Jul 2017 22:25:32 +0000. Up 43.16 seconds.
[   43.701781] cloud-init[1323]: ci-info: no authorized ssh keys fingerprints found for user ubuntu.
[   43.706447] cloud-init[1323]: Cloud-init v. 0.7.9 finished at Wed, 26 Jul 2017 22:25:32 +0000. Datasource DataSourceNoCloud [seed=/dev/sdb][dsmode=net].  Up 43.44 seconds
[[0;32m  OK  [0m] Started Execute cloud user/final scripts.
[[0;32m  OK  [0m] Started Session 1 of user ubuntu.
[[0;32m  OK  [0m] Reached target Cloud-init target.

Ubuntu 16.04.2 LTS ubuntu-xenial ttyS0

ubuntu-xenial login:          Stopping Session 3 of user ubuntu.
         Stopping Authenticate and Authorize Users to Run Privileged Tasks.         Stopping LSB: automatic crash report generation...
         Stopping LSB: daemon to balance interrupts for SMP systems...
[  OK  ] Unmounted /var/lib/lxcfs.
[  OK  ] Stopped System Logging Service.
[  OK  ] Stopped ACPI event daemon.
[  OK  ] Stopped Snappy daemon.
[  OK  ] Stopped Regular background program processing daemon.
[  OK  ] Stopped Deferred execution scheduler.
[  OK  ] Stopped Accounts Service.
[  OK  ] Stopped Authenticate and Authorize Users to Run Privileged Tasks.
[  OK  ] Stopped Getty on tty1.
[  OK  ] Stopped Serial Getty on ttyS0.
[  OK  ] Stopped OpenBSD Secure Shell server.
[  OK  ] Stopped High-performance, schema-free document-oriented database.
[  OK  ] Stopped User Manager for UID 1000.
[  OK  ] Stopped Unattended Upgrades Shutdown.
[  OK  ] Stopped Session 3 of user ubuntu.
[  OK  ] Stopped D-Bus System Message Bus.
[  OK  ] Stopped FUSE filesystem for LXC.
[  OK  ] Stopped LSB: Set the CPU Frequency Scaling governor to "ondemand".
[  OK  ] Stopped LSB: automatic crash report generation.
[  OK  ] Stopped LSB: MD monitoring daemon.
[  OK  ] Stopped LSB: Record successful boot for GRUB.
[  OK  ] Stopped LSB: VirtualBox Linux Additions.
[  OK  ] Stopped LXD - container startup/shutdown.
[  OK  ] Stopped LSB: daemon to balance interrupts for SMP systems.
[  OK  ] Removed slice User Slice of ubuntu.
         Stopping Login Service...
[  OK  ] Removed slice system-serial\x2dgetty.slice.
[  OK  ] Stopped /etc/rc.local Compatibility.
[  OK  ] Removed slice system-getty.slice.
         Stopping Permit User Sessions...
[  OK  ] Stopped Login Service.
[  OK  ] Stopped Permit User Sessions.
[  OK  ] Stopped target Remote File Systems.
[  OK  ] Stopped target Remote File Systems (Pre).
         Stopping Login to default iSCSI targets...
[  OK  ] Stopped target Basic System.
[  OK  ] Stopped target Slices.
[  OK  ] Stopped target Paths.
[  OK  ] Stopped Dispatch Password Requests to Console Directory Watch.
[  OK  ] Stopped ACPI Events Check.
[  OK  ] Stopped Forward Password Requests to Wall Directory Watch.
[  OK  ] Stopped target Sockets.
[  OK  ] Closed LXD - unix socket.
[  OK  ] Closed Syslog Socket.
[  OK  ] Closed ACPID Listen Socket.
[  OK  ] Closed UUID daemon activation socket.
[  OK  ] Closed Socket activation for snappy daemon.
[  OK  ] Stopped target User and Group Name Lookups.
[  OK  ] Removed slice User and Session Slice.
[  OK  ] Closed D-Bus System Message Bus Socket.
[  OK  ] Stopped target System Initialization.
         Stopping Load/Save Random Seed...
         Stopping Update UTMP about System Boot/Shutdown...
[  OK  ] Stopped target Encrypted Volumes.
[  OK  ] Stopped Commit a transient machine-id on disk.
[  OK  ] Stopped target Swap.
[  OK  ] Stopped Load/Save Random Seed.
[  OK  ] Stopped Login to default iSCSI targets.
[  OK  ] Stopped Update UTMP about System Boot/Shutdown.
[  OK  ] Stopped Create Volatile Files and Directories.
         Stopping iSCSI initiator daemon (iscsid)...
[  OK  ] Stopped iSCSI initiator daemon (iscsid).
[  OK  ] Stopped target Network is Online.
[  OK  ] Stopped target Network.
[  OK  ] Stopped Initial cloud-init job (metadata service crawler).
         Stopping Raise network interfaces...
[  OK  ] Stopped Raise network interfaces.
[  OK  ] Stopped Apply Kernel Variables.
[  OK  ] Stopped target Local File Systems.
         Unmounting /home/ubuntu/host...
         Unmounting /vagrant...
         Unmounting /run/user/1000...
[  OK  ] Stopped target Network (Pre).
[  OK  ] Stopped Initial cloud-init job (pre-networking).
[  OK  ] Stopped Load Kernel Modules.
[  OK  ] Unmounted /home/ubuntu/host.
[  OK  ] Unmounted /vagrant.
[  OK  ] Unmounted /run/user/1000.
[  OK  ] Reached target Unmount All Filesystems.
[  OK  ] Stopped target Local File Systems (Pre).
         Stopping Monitoring of LVM2 mirrors... dmeventd or progress polling...
[  OK  ] Stopped Create Static Device Nodes in /dev.
[  OK  ] Stopped Remount Root and Kernel File Systems.
[  OK  ] Reached target Shutdown.
[  520.594262] reboot: Power down
