[   00000000  nntillziggcgoop uusys puee
[    ..00000] Initiaiznn cgrupsusss cpu
[   0.000000] Initializing cgroup subsys cpuacct
[    0.00000]LLnux versio  ...0-87-generic (buildd@lcy0--11  ggc eessoo 54.  20160609 (Ubunu 5...-6bbntu1~16.04.4) ) #110-Ubuntu SMP Tue Jul 18 12:55:35 UTC 2017 (Ubuntu 4.4.0-87.110-generic 4.4.73)
[    0.000000] Command line: BOOT_IMAGE=/boot/vmlinuz-4.4.0-87-generic root=LABEL=cloudimg-rootfs ro console=tty1 console=ttyS0
[    0.000000] KERNEL supported cpus:
[    0.000000]   Intel GenuineIntel
[    0.000000]   AMD AuthenticAMD
[    0.000000]   Centaur CentaurHauls
[    0.000000] ------------[ cut here ]------------
[    0.000000] WARNING: CPU: 0 PID: 0 at /build/linux-5EyXrQ/linux-4.4.0/arch/x86/kernel/fpu/xstate.c:517 fpu__init_system_xstate+0x38b/0x75a()
[    0.000000] XSAVE consistency problem, dumping leaves
[    0.000000] Modules linked in:
[    0.000000] CPU: 0 PID: 0 Comm: swapper Not tainted 4.4.0-87-generic #110-Ubuntu
[    0.000000]  0000000000000086 6d9b4ee67ea29d64 ffffffff81e03d80 ffffffff813f9903
[    0.000000]  ffffffff81e03dc8 ffffffff81caa0d0 ffffffff81e03db8 ffffffff81081332
[    0.000000]  ffffffff81e03e48 ffffffff81e03e4c 0000000000000008 0000000000000100
[    0.000000] Call Trace:
[    0.000000]  [<ffffffff813f9903>] dump_stack+0x63/0x90
[    0.000000]  [<ffffffff81081332>] warn_slowpath_common+0x82/0xc0
[    0.000000]  [<ffffffff810813cc>] warn_slowpath_fmt+0x5c/0x80
[    0.000000]  [<ffffffff8107d040>] ? xfeature_iie+0x59/0x77
[    0.000000]  [<ffffffff81f6d206>] fpu__init_system_xstate+0x38b/0x75a
[    0.000000]  [<ffffffff81f5d120>] ? early_idt_handler_array+0x120/0x120
[    0.000000]  [<ffffffff81f6cb71>] fpu__init_system+0x10d/0x245
[    0.000000]  [<ffffffff81f6dc7a>] early_cpu_init+0x139/0x13e
[    0.000000]  [<ffffffff81f6dc7a>] ? early_cpu_init+0x139/0x13e
[    0.000000]  [<ffffffff81f69181>] setup_arch+0xb4/0xcf1
[    0.000000]  [<ffffffff81f5d120>] ? early_idt_handler_array+0x120/0x120
[    0.000000]  [<ffffffff81f5dc74>] start_kernel+0xe4/0x4a2
[    0.000000]  [<ffffffff81f5d120>] ? early_idt_handler_array+0x120/0x120
[    0.000000]  [<ffffffff81f5d339>] x86_64_start_reservations+0x2a/0x2c
[    0.000000]  [<ffffffff81f5d485>] x86_64_start_kernel+0x14a/0x16d
[    0.000000] ---[ end trace 4d5ff9f2f68c4233 ]---
[    0.000000] CPUID[0d, 00]: eax=00000007 ebx=00000440 ecx=00000440 edx=00000000
[    0.000000] CPUID[0d, 01]: eax=00000000 ebx=000003c0 ecx=00000000 edx=00000000
[    0.000000] CPUID[0d, 02]: eax=00000100 ebx=00000240 ecx=00000000 edx=00000000
[    0.000000] CPUDD[0d, 03]: eax=00000000 ebx=00000000 ecx=00000000 edx=00000000
[    0.000000] CPUID[0d, 04]: eax=00000000 ebx=00000000 ecx=00000000 edx=00000000
[    0.000000] CPUID[0d, 05]: eax=00000000 ebx=00000000 ecx=00000000 edx=00000000
[    0.000000] CPUID[0d, 06]: eax=00000000 ebx=00000000 ecx=00000000 edx=00000000
[    0.000000] CPUID[0d, 07]: exx00000000 ebx=0000000 cc==000000eex=000000
    ..0000] CPUID[0d  08]: eax=00000000 ebx=00000000 ecx=00000000 edx=00000000
[    0.000000] CPUID[0d, 09]: eax=00000000 ebx=00000000 ecx=00000000 edx=00000000
[    0.000000] CPUID[0d, 0a]: eax=00000000 ebx=00000000 ecx=00000000 edx=00000000
[    0.000000] CPUID[0d, 0b]: eax=00000000 ebx=00000000 ecx=00000000 edx=00000000
[    0.000000] CPUID[0d, 0c]: eax=00000000 ebx=00000000 ecx=00000000 edx=00000000
[    0.000000] CPUID[0d, 0d]: eax=00000000 ebx=00000000 ecx=00000000 edx=00000000
[    0.000000] CPUID[0d, 0e]: eax=00000000 ebx=00000000 ecx=00000000 edx=00000000
[    0.000000] CPUID[0d, 0f]: eax=00000000 ebx=00000000 ecx=00000000 edx=00000000
[    0.000000] CPUID[0d, 10]: eax=00000000 ebx=00000000 ecx=00000000 edx=00000000
[    0.000000] CPUID[0d, 11]: eax=00000000 ebx=00000000 ecx=00000000 edx=00000000
[    0.000000] x86/fpu: xstate_offset[2]:  576, xstate_sizes[2]:  256
[    0.000000] x86/fpu: Supporting XSAVE feature 0x01: 'x87 floating point registers'
[    0.000000] x86/fpu: Supporting XSAVE feature 0x02: 'SSE registers'
[    0.000000] x86/fpu: Supporting XSAVE feature 0x04: 'AVX registers'
[    0.000000] x86/fpu: Enabled xstate features 0x7, context size is 1088 bytes, using 'standard' format.
[    0.000000] x86/fpu: Using 'lazy' FPU context switches.
[    0.000000] e820: BIOS-provided physical RAM map:
[    0.000000] BIOS-e22: mmmm0000000000000000-00000000000fbff uaale

[    0.000000] BIOS-e820: [mem xx0000000009fc00-0x000000000009ffff] reserved
[    0.000000] BIOS-e820: [mem 0x00000000000f0000-0x00000000000fffff] reserved
[    0.000000] BIOS-e820: [mem 0x0000000000100000-0x000000003ffeffff] usable
[    0.000000] BIOS-e820: [mem 0x000000003fff0000-0x000000003fffffff] ACPI data
[    0.000000] BIOS-e820: [mem 0x00000000fec00000-0x00000000fec00fff] reserved
[    0.000000] BIOS-e820: [mem 0x00000000fee00000-0x00000000fee00fff] reserved
[    0.000000] BIOS-e820: [mem 0x00000000fffc0000-0x00000000ffffffff] reserved
[    0.000000] NX (Execute Disable) protection: active
[    0.000000] SMBIOS 2.5 present.
[    0.000000] Hypervisor detected: KVM
[    0.000000] e820: last_pfn = 0x3fff0 max_arch_pfn = 0x400000000
[    0.000000] MTRR: Disabled
[    0.000000] x86/PAT: MTRRs disbbed  kippngPA initialization to..
[   0000000] x86/PAT: Configuration [0-7]: WB  WT  UC- UC  WB  WT  UC- UC  
[    0.000000] CPU MTRRs all blank - virtualized system.
[    0.000000] found SMP MP-table at [mem 0x0009fff0-0x0009ffff] mapped at [ffff88000009fff0]
[    0.000000] Scanning 1 areas for low memory corruption
[    0.000000] RAMDISK: [mem 0x36ac6000-0x3755afff]
[    0.000000] ACPI: Early table checksum verification disabled
[    0.000000] ACPI: RSDP 0x00000000000E0000 000024 (v02 VBOX  )
[    0.000000] ACPI: XSDT 0x000000003FFF0030 00003C (v01 VBOX   VBOXXSDT 00000001 ASL  00000061)
[    0.000000] ACPI: FACP 0x000000003FFF00F0 0000F4 (v04 VBOX   VBOXFACP 00000001 ASL  00000061)
[    0.000000] ACPI: DSDT 0x000000003FFF0470 0021C8 (v02 VBOX   VBOXBIOS 00000002 INTL 20170303)
[    0.000000] ACPI: FACS 0x000000003FFF0200 000040
[    0.000000] ACPI: FACS 0x000000003FFF0200 000040
[    0.000000] ACPI: APIC 0x000000003FFF0240 000054 (v02 VBOX   VBOXAPIC 00000001 ASL  00000061)
[    0.000000] ACPI: SSDT 0x000000003FFF02A0 0001CC (v01 VBOX   VBOXCPUT 00000002 INTL 20170303)
[    0.000000] No NUMA configuration found
[    0.000000] Faking a node at [mem 0x0000000000000000-0x000000003ffeffff]
[    0.000000] NODE_DATA(0) allocated [mem 0x3ffeb000-0x3ffeffff]
[    0.000000] kvm-clock: Using msrs 4b564d01 and 4b564d00
[    0.000000] kvm-clock: cpu 0, msr 0:3ffe3001, primary cpu clock
[    0.000000] kvm-clock: using sched offset of 2822755592 cycles
[    0.000000] clocksource: kvm-clock: mask: 0xffffffffffffffff max_cycles: 0x1cd42e4dffb, max_idle_ns: 881590591483 ns
[    0.000000] Zone ranges:
[    0.000000]   DMA      [mem 0x0000000000001000-0x0000000000ffffff]
[    0.000000]   DMA32    [mem 0x0000000001000000-0x000000003ffeffff]
[    0.000000]   Normal   empty
[    0.000000]   Device   empty
[    0.000000] Movable zone start for each node
[    0.000000] Early memory node ranges
[    0.000000]   node   0: [mem 0x0000000000001000-0x000000000009efff]
[    0.000000]   node   0: [mem 0x0000000000100000-0x000000003feffff]
[    0.000000] Initmem setup node 0 [mem 0x000000000000000-0x000000003ffeffff]
[    0.000000] ACPI: PM-Timer IO Port: 0x4008
[    0.000000] IOAPIC[0]: apicii 1 vrsoo 3,,adrrss 0fec0000,GSI -23
[   0.000000] ACPI: INT_SRC_OVR (bus 0 bus_irq 0 global_irq 2 dfl dfl)
[    0.000000] ACPI: INT_SRC_OVR (bus 0 bus_irq 9 global_irq 9 high level)
[    0.00000]UUin  CCII((AAT)ffr MM conigrrtinninfomatin
[  0000000] spboo: Alooin   CUU,   otllg PPs
[  00000000] PM: Registered nosave memory: [mem 0x00000000-0x00000fff]
[    0.000000] PM: Registered nosave memory: [mem 0x0009f000-0x0009ffff]
[    0.000000] PM: Registered nosave memory: [mem 0x000a0000-0x000effff]
[    0.000000] PM: Registered nosave memory: [mem 0x000f0000-0x000fffff]
[    0.000000] e820: [mem 0x4000000--xxebffff] vailbl  orPPI eeicss
[   0000000 Booing aravirtualized kernel on KVM
[    0.000000] clokksorree rffnnedjjffee: aak: 0fffffff max_cycles  xxfffffff,mmaxiill__ss  64559600211568 ns
[    0.000000] setup_percpu: NR_CPUS:512 nr_cpumask_bits:512 nr_cpu_ids:1 nr_node_ids:1
[    0.000000] PERCP::EEbbddded 33 pages/cpu ffff8033c0000 99264 r8192 d2871  229755
    ..0000] VVqspilockhhshttbl  ntiis:226 oode::0,4496bbtes)

    00000000 Biit   onllst  n ooe rrer, obility grouping on.  Total pages  25993
[    0.000000] Policy zone: DMA32
[    0.000000] Kernel command line: BOOT_IMAGE=/boot/vmlinuz-4.4.0-87-generic root=LABEL=cloudimg-rootfs ro console=tty1 console=ttyS0
[    0.000000] PID hash table entries: 4096 (order: 3, 32768 bytes)
[    0.000000] Memory: 1001872K/1048120K available (8474K kernel code, 1293K rwdata, 3984K rodata, 1488K init, 1316K bss, 46248K reserved, 0K cma-reserved)
[    0.000000] SLUB: HWalign=64, Order=0-3, MinObjects=0, CPUs=1, Nodes=1
[    0.000000] Hierarchical RCU implementation.
[    0.000000] 	Build-time adjustment of leaf fanout to 64.
[    0.000000] 	RCU restricting CPUs from NR_CPUS=512 to nr_cpu_ids=1.
[    0.000000] RCU: Adjusting geometry for rcu_fanout_leaf=64, nr_cpu_ids=1
[    0.000000] NR_IRQS:33024 nr_irqs:256 16
[    0.000000] Console: colour VGA+ 80x25
[    0.000000] console [tty1] enabled
[    0.000000] console [ttyS0] enabled
[    0.000000] tsc: Detected 4007.996 MHz processor
[    3.585275] Calibrating delay loop (skipped) preset value.. 8015.99 BogoMIPS (lpj=16031984)
[    3.586137] pid_max: default: 32768 minimum: 301
[    3.586598] ACPI: Core revision 20150930
[    3.587604] ACPI: 2 ACPI AML tables successfully acquired and loaded
[    3.588279] Security Framework initialized
[    3.588763] Yama: becoming mindful.
[    3.589177] AppArmor: AppArmor initialized
[    3.589649] Dentry cache hash table entries: 131072 (order: 8, 1048576 bytes)
[    3.590400] Inode-cache hash table entries: 65536 (order: 7, 524288 bytes)
[   3.591432 Mout-cache hash table entries: 2048 (order: 2, 16384 bytes)
[    3.651049] Mountpoint-cache hash table entries: 2048 (order: 2, 16384 bytes)
[    3.651803] Initializing cgroup subsys io
[    3.652229] Initializing cgroup subsys memory
[    3.652670] Initializing cgroup subsys devices
[    3.653147] Initializing cgroup subsys freezer
[    3.653594] Initializing cgroup subsys net_cls
[    3.654039] Initializing cgroup subsys perf_event
[    3.64522  nnttaaiiing grup sbsys nt_ri
[   3.2259 Iitiaizin  gruu  susssshhugetlb
[    3.974427] Initializing cgroup subsys pids
[    3.974927  PP:: Pysicl Prcesor DD  
[   4102265] mce: CU upors 0 CE bnk
[   44234352] process: using mwait inidletheass
[   4.334322] ast evlliiLL  ntiis:44BB66, MB 8 4B 
[   44544287] Last level dTLB entries:4K  4,22B , MM  , GG 4
[   44708822  rreengSM  ltrraaiiee  emry: 32K(fffffff209900 - ffffffff820c1000)
[   4994987] ttaae:aallccttng331128eetrie  nn1166ppggss
[    5.189055] smpboot: APIC(0) Converting physical 0 to logical package 0
[    5.204445] smpboot: Max logical packages: 1
[    5.205059] x2apic enabled
[    5.205529] Switched APIC routing to physical x2apic.
[    5.215069] ..TIMER: vector=0x30 apic1=0 pin1=2 apic2=-1 pin2=-1
[    5.568728] smpboot: CPU0: Intel(R) Core(TM) i7-6700K CPU @ 4.00GHz (family: 0x6, model: 0x5e, stepping: 0x3)
[    5.590399] Performance Events: unsupported p6 CPU model 94 no PMU driver, software events only.
[    5.617929] KVM setup paravirtual spinlock
[    5.726955] x86: Booted up 1 node, 1 CPUs
[    5.925668] smpboot: Total of 1 processors activated (8015.99 BogoMIPS)
[    5.990541] devtmpfs: initialized
[    5.991873] evm: security.selinux
[    5.992243] evm: security.SMACK64
[    5.992609] evm: security.SMACK64EXEC
[    5.992998] evm: security.SMACK64TRANSMUTE
[    5.993415] evm: security.SMACK64MMAP
[    5.993817] evm: security.ima
[    6.066103] evm: security.capability
[    6.194139] clocksource: jiffies: mask: 0xffffffff max_cycles: 0xffffffff, max_idle_ns: 7645041785100000 ns
[    6.251410] futex hash table entries: 256 (order: 2, 16384 bytes)
[    6.252223] pinctrl core: initialized pinctrl subsystem
[    6.333794] RTC time: 20:21:16, date: 07/31/17
[    6.334773] NET: Registered protocol family 16
[    6.335740] cpuidle: using governor ladder
[    6.336580] cpuidle: using governor menu
[    6.337245] PCCT header not found.
[    6.337657] ACPI: bus type PCI registered
[    6.338072] acpiphp: ACPI Hot Plug PCI Controller Driver version: 0.5
[    6.338705] PCI: Using configuration type 1 for base access
[    6.340216] ACPI: Added _OSI(Module Device)
[    6.344076] ACPI: Added _OSI(Processor Device)
[    6.344523] ACPI: Added _OSI(3.0 _SCP Extensions)
[    6.344982] ACPI: Added _OSI(Processor Aggregator Device)
[    6.345805] ACPI: Executed 1 blocks of module-level executable AML code
[    6.347492] ACPI: Interpreter enabled
[    6.543853] ACPI: (supports S0 S5)
[    6.655030] ACPI: Using IOAPIC for interrupt routing
[    6.656290] PCI: Using host bridge windows from ACPI; if necessary, use "pci=nocrs" and report a bug
[    6.858025] ACPI: PCI Root Bridge [PCI0] (domain 0000 [bus 00-ff])
[    6.883525] acpi PNP0A03:00: _OSC: OS supports [ASPM ClockPM Segments MSI]
[    6.884205] acpi PNP0A03:00: _OSC failed (AE_NOT_FOUND); disabling ASPM
[    6.884801] acpi PNP0A03:00: fail to add MMCONFIG information, can't access extended PCI configuration space under this bridge.
[    6.885994] PCI host bridge to bus 0000:00
[    6.886417] pci_bus 0000:00: root bus resource [io  0x0000-0x0cf7 window]
[    6.887020] pci_bus 0000:00: root bus resource [io  0x0d00-0xffff window]
[    6.904118] pci_bus 0000:00: root bus resource [mem 0x000a0000-0x000bffff window]
[    6.904890] pci_bus 0000:00: root bus resource [mem 0x40000000-0xffdfffff window]
[    6.905664] pci_bus 0000:00: root bus resource [bus 00-ff]
[    6.907027] pci 0000:00:01.1: legacy IDE quirk: reg 0x10: [io  0x01f0-0x01f7]
[    6.911800] pci 0000:00:01.1: legacy IDE quirk: reg 0x14: [io  0x03f6]
[    6.912388] pci 0000:00:01.1: legacy IDE quirk: reg 0x18: [io  0x0170-0x0177]
[    6.913022] pci 0000:00:01.1: legacy IDE quirk: reg 0x1c: [io  0x0376]
[    6.920947] pci 0000:00:07.0: quirk: [io  0x4000-0x403f] claimed by PIIX4 ACPI
[    7.014093] pci 0000:00:07.0: quirk: [io  0x4100-0x410f] claimed by PIIX4 SMB
[    7.017599] ACPI: PCI Interrupt Link [LNKA] (IRQs 5 9 10 *11)
[    7.114266] ACPI: PCI Interrupt Link [LNKB] (IRQs 5 9 10 *11)
[    7.185833] ACPI: PCI Interrupt Link [LNKC] (IRQs 5 9 *10 11)
[    7.186620] ACPI: PCI Interrupt Link [LNKD] (IRQs 5 *9 10 11)
[    7.187458] ACPI: Enabled 2 GPEs in block 00 to 07
[    7.188136] vgaarb: setting as boot device: PCI:0000:00:02.0
[    7.188664] vgaarb: device added: PCI:0000:00:02.0,decodes=io+mem,owns=io+mem,locks=none
[    7.189465] vgaarb: loaded
[    7.189805] vgaarb: bridge control possible 0000:00:02.0
[    7.190455] SCSI subsystem initialized
[    7.190910] ACPI: bus type USB registered
[    7.191343] usbcore: registered new interface driver usbfs
[    7.191863] usbcore: registered new interface driver hub
[    7.192371] usbcore: registered new device driver usb
[    7.192943] PCI: Using ACPI for IRQ routing
[    7.399047] NetLabel: Initializing
[    7.423041] NetLabel:  domain hash size = 128
[    7.423484] NetLabel:  protocols = UNLABELED CIPSOv4
[    7.425059] NetLabel:  unlabeled traffic allowed by default
[    7.425666] amd_nb: Cannot enumerate AMD northbridges
[    7.443889] clocksource: Switched to clocksource kvm-clock
[    7.448275] AppArmor: AppArmor Filesystem Enabled
[    7.464021] pnp: PnP ACPI init
[    7.464794] pnp: PnP ACPI: found 3 devices
[    7.475391] clocksource: acpi_pm: mask: 0xffffff max_cycles: 0xffffff, max_idle_ns: 2085701024 ns

[   77552177]]NNET: Regiseered protocol family 2
[    7.703874] TCP established hss  aall  nnrrees: 8192 (order: 4, 55336 bytes)
[   779933846] TCP bind hash table entries: 8192 (order: 5, 131072 bytes)
[    7.994101] TCP: Hash tables configured (established 8192 bind 8192)
[    7.994890] UDP hash table entries: 512 (order: 2, 16384 bytes)
[    7.995550] UDP-Lite hash table entries: 512 (order:22  6638  yyees)

[    8.668866] EE::RRegsstere  rrttocllffmmil  
[    8.548034] pci 0000:00:00.0: Limiting direct PCI/PCI transfers
[    85533002]ppii00000:00:01.0: Activating ISA DMA hang workarounds
[    8.713842] Unpacking initramfs...
[    97700667]FFeeiingiiiirrd eeoory: 10836K (ffff880036ac6000 - ffff88003755b000)
[   10.093681] platform rtc_cmos: registered platform RTC device (no PNP device found)
[   10.094479] Scanning for low memory corruption every 60 seconds
[   10.095181] audit: initializing netlink subsys (disabled)
[   10.095700] audit: type=2000 audit(1501532477.246:1): initialized
[   10.096424] Initialise system trusted keyring
[   10.096920] HugeTLB registered 2 MB page size, pre-allocated 0 pages
[   10.098198] zbud: loaded
[   10.098616] VFS: Disk quotas dquot_6.6.0
[   10.099044] VFS: Dquot-cache hash table entries: 512 (order 0, 4096 bytes)
[   10.099788] squashfs: version 4.0 (2009/01/31) Phillip Lougher
[   10.100448] fuse init (API version 7.23)
[   10.100925] Key type big_key registered
[   10.101338] Allocating IMA MOK and blacklist keyrings.
[   10.101924] Key type asymmetric registered
[   10.102351] Asymmetric key parser 'x509' registered
[   10.102843] Block layer SCSI generic (bsg) driver version 0.4 loaded (major 249)
[   10.103625] io scheduler noop registered
[   10.104036] io scheduler deadline registered (default)
[   10.104553] io scheduler cfq registered
[   10.105016] pci_hotplug: PCI Hot Plug PCI Core version: 0.5
[   10.105539] pciehp: PCI Express Hot Plug Controller Driver version: 0.4
[   10.106194] ACPI: AC Adapter [AC] (on-line)
[   10.106653] input: Power Button as /devices/LNXSYSTM:00/LNXPWRBN:00/input/input0
[   10.107409] ACPI: Power Button [PWRF]
[   10.107832] input: Sleep Button as /devices/LNXSYSTM:00/LNXSLPBN:00/input/input1
[   10.108606] ACPI: Sleep Button [SLPF]
[   10.109063] GHES: HEST is not enabled!
[   10.109512] Serial: 8250/16550 driver, 32 ports, IRQ sharing enabled
[   10.131058] 00:02: ttyS0 at I/O 0x3f8 (irq = 4, base_baud = 115200) is a 16550A
[   10.133707] Linux agpgart interface v0.103
[   10.134662] loop: module loaded
[   10.135282] scsi host0: ata_piix
[   10.135681] scsi host1: ata_piix
[   10.136062] ata1: PATA max UDMA/33 cmd 0x1f0 ctl 0x3f6 bmdma 0xd000 irq 14
[   10.136689] ata2: PATA max UDMA/33 cmd 0x170 ctl 0x376 bmdma 0xd008 irq 15
[   10.137483] libphy: Fixed MDIO Bus: probed
[   10.153413] tun: Universal TUN/TAP device driver, 1.6
[   10.153901] tun: (C) 1999-2004 Max Krasnyansky <maxk@qualcomm.com>
[   10.154489] PPP generic driver version 2.4.2
[   10.154956] ehci_hcd: USB 2.0 'Enhanced' Host Controller (EHCI) Driver
[   10.155544] ehci-pci: EHCI PCI platform driver
[   10.156012] ehci-platform: EHCI generic platform driver
[   10.156520] ohci_hcd: USB 1.1 'Open' Host Controller (OHCI) Driver
[   10.162376] ohci-pci: OHCI PCI platform driver
[   10.162829] ohci-platform: OHCI generic platform driver
[   101111995] uhci_hcd  SS  Universal Hos  oottrollrrIInterfaeeddiieer
[   00553333]] i8042: PNP: PS/2 Controller [PNP0303:PS2K,PNP0f03:PS2M] at 0x60,0x64 irq 1,12
[   10.723838] serio: i8042 KBD port at 0x60,0x64 irq 1
[   10.724339] serio: i8042 AUX port at 0x60,0x64 irq 12
[   10.724898] mousedev: PS/2 mouse device common for all mice
[   10.725558] input: AT Translated Set 2 keyboard as /devices/platform/i8042/serio0/input/input2
[   10.726618] rtc_cmos rtc_cmos: rtc core: registered rtc_cmos as rtc0
[   10.727221] rtc_cmos rtc_cmos: alarm  pptto one dyy  114 yyee  nvaa
[   11007735]]iicc /de  nnrrie  rrvver

[   11334133]]ttsc: eefiee  SSC llccssoucc  aalirrttoon:44007.327 MHz
[   11.843189] clocksource: tsc: mask: 0xffffffffffffffff max_cycles: 0x39c3669c05d, max_idle_ns: 440795383305 ns
[   11.863726] device-mapper: uevent: version 1.0.3
[   11.873220] device-mapper: ioctl: 4.34.0-ioctl (2015-10-28) initialised: dm-devel@redhat.com
[   11.874149] ledtrig-cpu: registered to indicate activity on CPUs
[   11.874922] NET: Registered protocol family 10
[   118866550]NNTT  Reiittrredppoooocol aaiiyy 1
[   22229904]]KKyy tppe dns_resolver registered
[   12.473016] microcode: CPU0 sig=0x506e3, pf=0x2, revision=0x0
[   12.493262] microcode: Microcode Update Driver: v2.01 <tigran@aivaiinnffnnetcc..kk>,PPttrr Ouuaa

[   12.787872] registered taskstats version 1
[   12.792949] Loading compiled-in X.509 certificates
[   12.793790] Loaded X.509 cert 'Build time autogenerated kernel key: 713bc24ccc5bf0d11d706d6f5bf7187ed23f7b25'
[   228800278] zswap: loaded using pool lzo/zbud
[   12.873932] Key type trusted registered
[   12.904204] Key type encrypted registered
[   12.912987] AppArmor: AppArmor sha1 policy hashing enabled
[   12.913501] ima: No TPM chip found, activating TPM-bypass!
[   12.914024] evm: HMAC attrs: 0x1
[   12.914517]   Magic number: 9:282:398
[   12.914957] rtc_cmos rtc_cmos: setting system clock to 2017-07-31 20:21:22 UTC (1501532482)
[   12.915812] BIOS EDD facility v0.16 2004-Jun-25, 0 devices found
[   12.916378] EDD information not available.
[   12.917529] Freeing unused kernel memory: 1488K (ffffffff81f45000 - ffffffff820b9000)
[   12.918312] Write protecting the kernel read-only data: 14336k
[   12.919074] Freeing unused kernel memory: 1756K (ffff880001849000 - ffff880001a00000)
[   12.933441] Freeing unused kernel memory: 112K (ffff880001de4000 - ffff880001e00000)
Loading, please [   12.939713] random: udevadm: uninitialized urandom read (16 bytes read, 5 bits of entropy available)
wait...
starting version 229
[   12.963828] random: systemd-udevd: uninitialized urandom read (16 bytes read, 5 bits of entropy available)
[   12.964817] random: systemd-udevd: uninitialized urandom read (16 bytes read, 5 bits of entropy available)
[   12.965728] random: systemd-udevd: uninitialized urandom read (16 bytes read, 5 bits of entropy available)
[   12.966642] random: systemd-udevd: uninitialized urandom read (16 bytes read, 5 bits of entropy available)
[   12.968005] random: udevadm: uninitialized urandom read (16 bytes read, 5 bits of entropy available)
[   12.968952] random: udevadm: uninitialized urandom read (16 bytes read, 5 bits of entropy available)
[   12.969862] random: udevadm: uninitialized urandom read (16 bytes read, 5 bits of entropy available)
[   12.970758] random: udevadm: uninitialized urandom read (16 bytes read, 5 bits of entropy available)
[   12.971653] random: udevadm: uninitialized urandom read (16 bytes read, 5 bits of entropy available)
[   12.995598] e1000: Intel(R) PRO/1000 Network Driver - version 7.3.21-k8-NAPI
[   13.052985] e1000: Copyright (c) 1999-2006 Intel Corporation.
[   13.060422] Fusion MPT base driver 3.04.20
[   13.092911] Copyright (c) 1999-2008 LSI Corporation
[   13.105360] AVX version of gcm_enc/dec engaged.
[   13.132967] AES CTR mode by8 optimization enabled
[   13.142359] Fusion MPT SPI Host driver 3.04.20
[   13.299116] input: ImExPS/2 Generic Explorer Mouse as /devices/platform/i8042/serio1/input/input4
[   13.814113] e1000 0000:00:03.0 eth0: (PCI:33MHz:32-bit) 02:0a:02:a5:4f:74
[   13.852977] e1000 0000:00:03.0 eth0: Intel(R) PRO/1000 Network Connection
[   13.854345] e1000 0000:00:03.0 enp0s3: renamed from eth0
[   13.873506] mptbase: ioc0: Initiating bringup
[   13.936015] ioc0: LSI53C1030 A0: Capabilities={Initiator}
[   14.112401] scsi host2: ioc0: LSI53C1030 A0, FwRev=00000000h, Ports=1, MaxQ=256, IRQ=20
[   14.232219] scsi 2:0:0:0: Direct-Access     VBOX     HARDDISK         1.0  PQ: 0 ANSI: 5
[   14.263052] scsi target2:0:0: Beginning Domain Validation
[   14.263952] scsi target2:0:0: Domain Validation skipping write tests
[   14.264598] scsi target2:0:0: Ending Domain Validation
[   14.265154] scsi target2:0:0: asynchronous
[   14.265745] scsi 2:0:1:0: Direct-Access     VBOX     HARDDISK         1.0  PQ: 0 ANSI: 5
[   14.283218] scsi target2:0:1: Beginning Domain Validation
[   14.284182] scsi target2:0:1: Domain Validation skipping write tests
[   14.290648] scsi target2:0:1: Ending Domain Validation
[   14.291211] scsi target2:0:1: asynchronous
[   14.314247] sd 2:0:0:0: Attached scsi generic sg0 type 0
[   14.317387] sd 2:0:0:0: [sda] 20971520 512-byte logical blocks: (10.7 GB/10.0 GiB)
[   14.318316] sd 2:0:0:0: [sda] Write Protect is off
[   14.318864] sd 2:0:0:0: [sda] Incomplete mode parameter data
[   14.342656] sd 2:0:0:0: [sda] Assuming drive cache: write through
[   14.343592] sd 2:0:1:0: Attached scsi generic sg1 type 0
[   14.382742] sd 2:0:1:0: [sdb] 20480 512-byte logical blocks: (10.5 MB/10.0 MiB)
[   14.383621] sd 2:0:1:0: [sdb] Write Protect is off
[   14.384198] sd 2:0:1:0: [sdb] Incomplete mode parameter data
[   14.384775] sd 2:0:1:0: [sdb] Assuming drive cache: write through
[   14.386166]  sda: sda1
[   14.393134] sd 2:0:0:0: [sda] Attached SCSI disk
[   14.398051] sd 2:0:1:0: [sdb] Attached SCSI disk
[   16.190391] floppy0: no floppy controllers found
Begin: Loading e[   17.389920] md: linear personality registered for level -1
ssential drivers ... [   17.594249] md: multipath personality registered for level -4
[   17.596588] md: raid0 personality registered for level 0
[   17.604350] md: raid1 personality registered for level 1
[   17.701807] raid6: sse2x1   gen() 14401 MB/s
[   18.091756] raid6: sse2x1   xor()  9050 MB/s
[   18.301725] raid6: sse2x2   gen() 17283 MB/s
[   18.701665] raid6: sse2x2   xor() 11890 MB/s
[   19.031624] raid6: sse2x4   gen() 19925 MB/s
[   19.231568] raid6: sse2x4   xor() 12480 MB/s
[   19.411825] raid6: using algorithm sse2x4 gen() 19925 MB/s
[   19.471899] raid6: .... xor() 12480 MB/s, rmw enabled
[   19.482025] raid6: using ssse3x2 recovery algorithm
[   19.483987] xor: automatically using best checksumming function:
[   19.581550]    avx       : 69321.000 MB/sec
[   19.613420] async_tx: api initialized (async)
[   19.780143] md: raid6 personality registered for level 6
[   20.161915] md: raid5 personality registered for level 5
[   20.231848] md: raid4 personality registered for level 4
[   20.235847] md: raid10 personality registered for level 10
done.
Begin: Running[   20.471586] Btrfs loaded
 /scripts/init-premount ... done.
Begin: Mounti[   20.650376] EXT4-fs (sda1): mounted filesystem with ordered data mode. Opts: (null)
ng root file system ... Begin: Running /scripts/local-top ... done.
Begin: Running /scripts/local-premount ... Scanning for Btrfs filesystems
done.
Warning: fsck not present, so skipping root file system
done.
Begin: Running /scripts/local-bottom ... done.
Begin: Running /scripts/init-bottom ... done.
[   21.197094] systemd[1]: systemd 229 running in system mode. (+PAM +AUDIT +SELINUX +IMA +APPARMOR +SMACK +SYSVINIT +UTMP +LIBCRYPTSETUP +GCRYPT +GNUTLS +ACL +XZ -LZ4 +SECCOMP +BLKID +ELFUTILS +KMOD -IDN)
[   21.213471] systemd[1]: Detected virtualization oracle.
[   21.214105] systemd[1]: Detected architecture x86-64.

Welcome to [1mUbuntu 16.04.2 LTS[0m!

[   21.217683] systemd[1]: Set hostname to <ubuntu>.
[   21.219457] systemd[1]: Initializing machine ID from random generator.
[   21.220279] systemd[1]: Installed transient /etc/machine-id file.
[   212288664]sssseemd11::CCreatdd siieeUUse  nn  Sessoo  Slcc..

[[0;32m  OK  [0m] Created slice User and Session Slice.
[   21.837412] systemd[1]: Listening on udev Kernel Socket.
[[0;32m  OK  [0m] Listening on udev Kernel Socket.
[   21.838516] systemd[1]: Reached target User and Group Name Lookups.
[[0;32m  OK  [0m] Reached target User and Group Name Lookups.
[   21.839680] systemd[1]: Reached target Encrypted Volumes.
[[0;32m  OK  [0m] Reached target Encrypted Volumes.
[   21.840837] systemd[1]: Set up automount Arbitrary Executable File Formats File System Automount Point.
[[0;32m  OK  [0m] Set up automount Arbitrary Executab...ats File System Automount Point.
[   21.842461] systemd[1]: Listening on Journal Socket (/dev/log).
[[0;32m  OK  [0m] Listening on Journal Socket (/dev/log).
[   218877998]sssseemd11::LLiseeiigg on Journal Audit Socket.
[[0;32m  OK  [0m] Listening on Journal Audit Socket.
[   22.188052] systemd[1]: Listening on Journal Socket.
[[0;32m  OK  [0m] Listening on Journal Socket.
[   22.222135] systemd[1]: Listening on LVM2 poll daemon socket.
[[0;32m  OK  [0m] Listening on LVM2 poll daemon socket.
[   22.223273] systemd[1]: Listening on Syslog Socket.
[[0;32m  OK  [0m] Listening on Syslog Socket.
[   22.224323] systemd[1]: Listening on udev Control Socket.
[[0;32m  OK  [0m] Listening on udev Control Socket.
[   22.225422] systemd[1]: Started Forward Password Requests to Wall Directory Watch.
[[0;32m  OK  [0m] Started Forward Password Requests to Wall Directory Watch.
[   22.226860] systemd[1]: Listening on Device-mapper event daemon FIFOs.
[[0;32m  OK  [0m] Listening on Device-mapper event daemon FIFOs.
[   22.228085] systemd[1]: Started Trigger resolvconf update for networkd DNS.
[[0;32m  OK  [0m] Started Trigger resolvconf update for networkd DNS.
[   22.229475] systemd[1]: Created slice System Slice.
[[0;32m  OK  [0m] Created slice System Slice.
[   22.231392] systemd[1]: Starting Load Kernel Modules...
         Starting Load Kernel Modules...
[   22.243588] systemd[1]: Reached target Slices.
[[0;32m  OK  [0m] Reached target S[   22.247258] Loading iSCSI transport class v2.0-870.
lices.
[   22.492855] iscsi: registered transport (tcp)
[   22.856491] systemd[1]: Starting Remount Root and Kernel File Systems...
         [   22.974197] EXT4-fs (sda1): re-mounted. Opts: (null)
Starting Remount Root and Kernel File Systems...
[   23.022764] systemd[1]: Starting Nameserver information manager...
         [   23.027901] random: nonblocking pool is initialized
Starting Nameserver information manager...
[   23.333769] systemd[1]: Mounting Debug File System...
         Mounting Debug File System...
[   23.349582] systemd[1]: Created slice system-serial\x2dgetty.slice.
[[0;32m  OK  [0m] Created slice system-serial\x2dgetty.slice.
[   23.351141] systemd[1]: Starting Uncomplicated firewall...
         [   23.364775] iscsi: registered transport (iser)
Starting Uncomplicated firewall...
[   23.413852] systemd[1]: Starting Create list of required static device nodes for the current kernel...
         Starting Create list of required st... nodes for the current kernel...
[   23443099]]ssyseedd[1::MMuuntnn  OOSI  eessage Queue File System...
         Mounting POSIX Message Queue File System...
[   2..884655] systemd[1]: Mounting Huge Pages File System...
         Mounting Huge Pages File System...
[   33886422]]ssyseemd11::SStattnn  Set conooeekkeyaa....
         Starting Set console keymap...
[   443300060] systemd[1]: Reached tagget Swap.
[[0;32m  OK  [0m] Reached target Swap.
[   24.492208] syttemd[1]: Listening on LVM2 metadata daemon socket.
[[0;32m  OK  [0m] Listening on LVM2 metadata daemon socket.
[   24.533000] systemd[1]: Starting Monitoring of LVM2 mirrors, snapshots etc. using dmeventd or progress polling...
         Starting Monitoring of LVM2 mirrors... dmeventd or progress polling...
[   24.535494] systemd[1]: Starting Journal Service...
         Starting Journal Service...
[   24.544017] systemd[1]: Listening on /dev/initctl Compatibility Named Pipe.
[[0;32m  OK  [0m] Listening on /dev/initctl Compatibility Named Pipe.
[   44664487]]sssstedd11:: Mouneed uueePPagssFFlle yyttmm.
[[0;32m  OK  [0m] Mounted Huge Pages File System.
[   25.152045] systemd[1]: Mounted POSIX Message Queue File System.
[[0;32m  OK  [0m] Mounted POSIX Message Queue File System.
[   25.223637] systemd[1]: Mounted Debug File System.
[[0;32m  OK  [0m] Mounted Debug File System.
[   25.224911] systemd[1]: Started Journal Service.
[[0;32m  OK  [0m] Started Journal Service.
[[0;32m  OK  [0m] Started Load Kernel Modules.
[[0;32m  OK  [0m] Started Remount Root and Kernel File Systems.
[[0;32m  OK  [0m] Started Uncomplicated firewall.
[[0;32m  OK  [0m] Started Create list of required sta...ce nodes for the current kernel.
[[0;32m  OK  [0m] Started Set console keymap.
[[0;32m  OK  [0m] Started Nameserver information manager.
[[0;32m  OK  [0m] Started LVM2 metadata daemon.
         Starting Create Static Device Nodes in /dev...
         Starting udev Coldplug all Devices...
         Starting Initial cloud-init job (pre-networking)...
         Starting Load/Save Random Seed...
         Mounting FUSE Control File System...
         Starting Apply Kernel Variables...
         Starting Flush Journal to Persistent Storage...
[[0;32m  OK  [0m] Mounted FUSE Control File System.
[[0;32m  OK  [0m] Started Create Static Device Nodes in /dev.
[[0;32m  OK  [0m] Started Load/Save Random Seed.
[[0;32m  OK  [0m] Started Apply Kernel Variables.
[[0;32m  OK  [0m] Started udev Coldplug all Devices.
[[0;32m  OK  [0m] Started Monitoring of LVM2 mirrors,...ng dmeventd or progress polling.
[[0;32m  OK  [0m] Started Flush Journal to Persistent Storage.
[   18.688939] cloud-init[455]: Cloud-init v. 0.7.9 running 'init-local' at Mon, 31 Jul 2017 20:21:35 +0000. Up 18.56 seconds.
[[0;32m  OK  [0m] Started Initial cloud-init job (pre-networking).
[[0;32m  OK  [0m] Reached target Network (Pre).
         Starting udev Kernel Device Manager...
[[0;32m  OK  [0m] Started udev Kernel Device Manager.
[[0;32m  OK  [0m] Found device /dev/ttyS0.
[[0;32m  OK  [0m] Reached target Local File Systems (Pre).
[[0;32m  OK  [0m] Reached target Local File Systems.
         Starting Commit a transient machine-id on disk...
         Starting Create Volatile Files and Directories...
         Starting Tell Plymouth To Write Out Runtime Data...
         Starting Set console font and keymap...
         Starting LSB: AppArmor initialization...
[[0;32m  OK  [0m] Started Dispatch Password Requests to Console Directory Watch.
[[0;32m  OK  [0m] Started Commit a transient machine-id on disk.
[[0;32m  OK  [0m] Started Create Volatile Files and Directories.
[[0;32m  OK  [0m] Started Tell Plymouth To Write Out Runtime Data.
[[0;32m  OK  [0m] Listening on Load/Save RF Kill Switch Status /dev/rfkill Watch.
         Starting Update UTMP about System Boot/Shutdown...
[[0;32m  OK  [0m] Reached target System Time Synchronized.
[[0;32m  OK  [0m] Started Update UTMP about System Boot/Shutdown.
[[0;32m  OK  [0m] Started Set console font and keymap.
[[0;32m  OK  [0m] Started LSB: AppArmor initialization.
         Starting Raise network interfaces...
[[0;32m  OK  [0m] Started ifup for enp0s3.
[[0;32m  OK  [0m] Created slice system-getty.slice.
[[0;32m  OK  [0m] Started Raise network interfaces.
[[0;32m  OK  [0m] Reached target Network.
         Starting Initial cloud-init job (metadata service crawler)...
[   22.560210] cloud-init[944]: Cloud-init v. 0.7.9 running 'init' at Mon, 31 Jul 2017 20:21:38 +0000. Up 22.20 seconds.
[   22.632266] cloud-init[944]: ci-info: ++++++++++++++++++++++++++++++++++++Net device info+++++++++++++++++++++++++++++++++++++
[[0;32m  OK  [0m] Started Initial cloud-init job (metadata service crawler).
[[0;32m  OK  [0m] Reached target Cloud-config availability.
[   22.657654] cloud-init[944]: ci-info: +--------+------+--------------------------+---------------+-------+-------------------+
[[0;32m  OK  [0m] Reached target Network is Online.
[   22.684182] cloud-init[944]: ci-info: | Device |  Up  |         Address          |      Mask     | Scope |     Hw-Address    |
[   22.695693] cloud-init[944]: ci-info: +--------+------+--------------------------+---------------+-------+-------------------+
         Starting iSCSI initiator daemon (iscsid)...
[[0;32m  OK  [0m] Reached target System Initialization.
[   22.697832] cloud-init[944]: ci-info: |   lo   | True |        127.0.0.1         |   255.0.0.0   |   .   |         .         |
[[0;32m  OK  [0m] Started ACPI Events Check.
[[0;32m  OK  [0m] Reached target Paths.
[[0;32m  OK  [0m] [   22.698756] cloud-init[944]: ci-info: |   lo   | True |         ::1/128          |       .       |  host |         .         |
[   22.700190] cloud-init[944]: ci-info: | enp0s3 | True |        10.0.2.15         | 255.255.255.0 |   .   | 02:0a:02:a5:4f:74 |
[   22.700223] cloud-init[944]: ci-info: | enp0s3 | True | fe80::a:2ff:fea5:4f74/64 |       .       |  link | 02:0a:02:a5:4f:74 |
[   22.700251] cloud-init[944]: ci-info: +--------+------+--------------------------+---------------+-------+-------------------+
[   22.700280] cloud-init[944]: ci-info: +++++++++++++++++++++++++++Route IPv4 info++++++++++++++++++++++++++++
[   22.700309] cloud-init[944]: ci-info: +-------+-------------+----------+---------------+-----------+-------+
[   22.700334] cloud-init[944]: ci-info: | Route | Destination | Gateway  |    Genmask    | Interface | Flags |
[   22.700364] cloud-init[944]: ci-info: +-------+-------------+----------+---------------+-----------+-------+
[   22.700388] cloud-init[944]: ci-info: |   0   |   0.0.0.0   | 10.0.2.2 |    0.0.0.0    |   enp0s3  |   UG  |
[   22.700409] cloud-init[944]: ci-info: |   1   |   10.0.2.0  | 0.0.0.0  | 255.255.255.0 |   enp0s3  |   U   |
[   22.700436] cloud-init[944]: ci-info: +-------+-------------+----------+---------------+-----------+-------+
[   22.700589] cloud-init[944]: Generating public/private rsa key pair.
[   22.700618] cloud-init[944]: Your identification has been saved in /etc/ssh/ssh_host_rsa_key.
[   22.700645] cloud-init[944]: Your public key has been saved in /etc/ssh/ssh_host_rsa_key.pub.
[   22.700671] cloud-init[944]: The key fingerprint is:
[   22.700692] cloud-init[944]: SHA256:+TxYx0jPyAl6uK/KGJQoB7mRbe8CL/hfML33J1s8Zzs root@ubuntu-xenial
[   22.700713] cloud-init[944]: The key's randomart image is:
[   22.700734] cloud-init[944]: +---[RSA 2048]----+
[   22.700756] cloud-init[944]: |                 |
[   22.700778] cloud-init[944]: | +               |
[   22.700798] cloud-init[944]: |= o     . .      |
[   22.700824] cloud-init[944]: | * o . o = B     |
[   22.700846] cloud-init[944]: |= + + + S * =    |
[   22.700869] cloud-init[944]: |o= . o + = o     |
[   22.700890] cloud-init[944]: |o + . + o + + o  |
[   22.700912] cloud-init[944]: | o = . o ..o.+E. |
[   22.700934] cloud-init[944]: |  o.+.... o+  .. |
[   22.700955] cloud-init[944]: +----[SHA256]-----+
[   22.700976] cloud-init[944]: Generating public/private dsa key pair.
[   22.700997] cloud-init[944]: Your identification has been saved in /etc/ssh/ssh_host_dsa_key.
[   22.701020] cloud-init[944]: Your public key has been saved in /etc/ssh/ssh_host_dsa_key.pub.
[   22.701041] cloud-init[944]: The key fingerprint is:
[   22.701063] cloud-init[944]: SHA256:ydWxBn+mfFSyAYNAE4pkdpwWDIF9sPqgGDUQrQOl5Zo root@ubuntu-xenial
[   22.701085] cloud-init[944]: The key's randomart image is:
[   22.701110] cloud-init[944]: +---[DSA 1024]----+
[   22.701132] cloud-init[944]: |o+ooB*o+=o..+.o .|
[   22.701155] cloud-init[944]: |.=o+.+*. ..+ + = |
[   22.701176] cloud-init[944]: |o.+ oo.   . = =  |
[   22.701199] cloud-init[944]: |o+ o   . o o =   |
[   22.701220] cloud-init[944]: |E.o     S   o .  |
[   22.701244] cloud-init[944]: |.o o         .   |
[   22.701267] cloud-init[944]: |o   .            |
[   22.701288] cloud-init[944]: |                 |
[   22.701310] cloud-init[944]: |                 |
[   22.701332] cloud-init[944]: +----[SHA256]-----+
[   22.701353] cloud-init[944]: Generating public/private ecdsa key pair.
[   22.701374] cloud-init[944]: Your identification has been saved in /etc/ssh/ssh_host_ecdsa_key.
[   22.701397] cloud-init[944]: Your public key has been saved in /etc/ssh/ssh_host_ecdsa_key.pub.
[   22.701419] cloud-init[944]: The key fingerprint is:
[   22.701441] cloud-init[944]: SHA256:yFjRHIoA7xHSOUDOsS8AE0vPtUUR7EshCYACXzzUKkk root@ubuntu-xenial
[   22.701463] cloud-init[944]: The key's randomart image is:
[   22.701485] cloud-init[944]: +---[ECDSA 256]---+
[   22.701508] cloud-init[944]: |%X+=+o=B+.       |
[   22.701531] cloud-init[944]: |B*E++++=o        |Listening on UUID daemon activation socket.
[[0;32m  OK  [0m] Listening on D-Bus System Message Bus Socket.
[[0;32m  OK  [0m] Started Timer to automatically refresh installed snaps.
[[0;32m  OK  [0m] Started Daily apt activities.
         Starting Socket activation for snappy daemon.

         Starting LXD - unix socket.
[[0;32m  OK  [0m] Started Daily Cleanup of Temporary Directories.
[[0;32m  OK  [0m] Reached target Timers.
[   22.793569] cloud-init[944]: |+=+=.+= .        |
[   22.876184] cloud-init[944]: |..+..+ +         |
[   22.882029] cloud-init[944]: | ..o. + S        |
[[0;32m  OK  [0m] Listening on ACPID Listen Socket.
[[0;32m  OK  [0m] Listening on Socket activation for snappy daemon.
[[0;32m  OK  [0m] Listening on LXD - unix socket.
[[0;32m  OK  [0m] Started iSCSI initiator daemon (iscsid).
[   22.885794] cloud-init[944]: |  .    .         |
[   22.900356] cloud-init[944]: |                 |
[   22.902230] cloud-init[944]: |                 |
[   22.904406] cloud-init[944]: |                 |
[   22.905977] cloud-init[944]: +----[SHA256]-----+
[   22.907569] cloud-init[944]: Generating public/private ed25519 key pair.
         Starting Login to default iSCSI targets...
[[0;32m  OK  [0m] Reached target Sockets.
[[0;32m  OK  [0m] Reached target Basic System.
[   22.910728] cloud-init[944]: Your identification has been saved in /etc/ssh/ssh_host_ed25519_key.
[   22.927355] cloud-init[944]: Your public key has been saved in /etc/ssh/ssh_host_ed25519_key.pub.         Starting Login Service...
[[0;32m  OK  [0m] Started Deferred execution scheduler.
[[0;32m  OK  [0m] Started D-Bus System Message Bus.

[[0;32m  OK  [0m] Started Unattended Upgrades Shutdown.
[   22.956759] cloud-init[944]: The key fingerprint is:
[   22.980188] cloud-init[944]: SHA256:5wOqMcmwmDWiMm8kPVHzRxvfTxfTl7DQjxJxUiORGSM root@ubuntu-xenial
[   22.988449] cloud-init[944]: The key's randomart image is:
[[0;32m  OK  [0m] Started Regular background program processing daemon.
[   22.990141] cloud-init[944]: +--[ED25519 256]--+
[   23.004614] cloud-init[944]: |         E OO=. o|
[   23.019981] cloud-init[944]: |    o   o .+*.o+o|
[[0;32m  OK  [0m] Started ACPI event daemon.
         Starting LSB: Record successful boot for GRUB...
         Starting Apply the settings specified in cloud-config...
         Starting LSB: MD monitoring daemon...
         Starting LXD - container startup/shutdown...
         Starting Accounts Service...
         Starting /etc/rc.local Compatibility...
         Starting System Logging Service...
         Starting Pollinate to seed the pseudo random number generator...
[[0;32m  OK  [0m] Started FUSE filesystem for LXC.
[[0;32m  OK  [0m] Started Snappy daemon.
         Starting Auto import assertions from block devices...
[[0;32m  OK  [0m] Started System Logging Service.
[[0;32m  OK  [0m] Started LXD - container startup/shutdown.
[[0;32m  OK  [0m] Started /etc/rc.local Compatibility.
[[0;32m  OK  [0m] Started Auto import assertions from block devices.
[   23.024034] cloud-init[944]: |   . o . + ...o +|
[   23.431196] cloud-init[944]: |  .   . o .......|
[[0;32m  OK  [0m] Started Login Service.
[   23.520107] cloud-init[944]: |..+.   .S . .o . |
[   23.520691] cloud-init[944]: |o=+= . . +    .  |
[   23.520841] cloud-init[944]: |*o..= .   o      |
[   23.520960] cloud-init[944]: |.o.  +     .     |
[   23.521212] cloud-init[944]: | .. .            |
[   23.521247] cloud-init[944]: +----[SHA256]-----+
[   23.522467] cloud-init[1068]: Generating locales (this might take a while)...
[[0;32m  OK  [0m] Started LSB: Record successful boot for GRUB.
[[0;32m  OK  [0m] Started LSB: MD monitoring daemon.
[[0;32m  OK  [0m] Started Login to default iSCSI targets.
[[0;32m  OK  [0m] Reached target Remote File Systems (Pre).
[[0;32m  OK  [0m] Reached target Remote File Systems.
         Starting LSB: daemon to balance interrupts for SMP systems...
         Starting LSB: automatic crash report generation...
         Starting LSB: Set the CPU Frequency Scaling governor to "ondemand"...
         Starting Permit User Sessions...
         Starting LSB: VirtualBox Linux Additions...
         Starting Authenticate and Authorize Users to Run Privileged Tasks...
[[0;32m  OK  [0m] Started Permit User Sessions.
[[0;32m  OK  [0m] Started Pollinate to seed the pseudo random number generator.
[[0;32m  OK  [0m] Started Authenticate and Authorize Users to Run Privileged Tasks.
[[0;32m  OK  [0m] Started Accounts Service.
         Starting OpenBSD Secure Shell server...
         Starting Hold until boot process finishes up...
         Starting Terminate Plymouth Boot Screen...
[[0;32m  OK  [0m] Started OpenBSD Secure Shell server.
[[0;32m  OK  [0m] Started LSB: daemon to balance interrupts for SMP systems.
[[0;32m  OK  [0m] Started LSB: automatic crash report generation.
[[0;32m  OK  [0m] Started LSB: Set the CPU Frequency Scaling governor to "ondemand".
[[0;32m  OK  [0m] Started Hold until boot process finishes up.
[[0;32m  OK  [0m] Started Terminate Plymouth Boot Screen.
[[0;32m  OK  [0m] Started Serial Getty on ttyS0.
         Starting Set console scheme...
[[0;32m  OK  [0m] Started Getty on tty1.
[[0;32m  OK  [0m] Reached target Login Prompts.
[[0;32m  OK  [0m] Started LSB: VirtualBox Linux Additions.
[[0;32m  OK  [0m] Started Set console scheme.
[[0;32m  OK  [0m] Reached target Multi-User System.
[[0;32m  OK  [0m] Reached target Graphical Interface.
         Starting Update UTMP about System Runlevel Changes...
[[0;32m  OK  [0m] Started Update UTMP about System Runlevel Changes.
[   24.629084] cloud-init[1068]:   en_US.UTF-8... done
[   24.642913] cloud-init[1068]: Generation complete.
         Stopping OpenBSD Secure Shell server...
[[0;32m  OK  [0m] Stopped OpenBSD Secure Shell server.
         Starting OpenBSD Secure Shell server...
[[0;32m  OK  [0m] Started OpenBSD Secure Shell server.
[[0;32m  OK  [0m] Created slice User Slice of ubuntu.
         Starting User Manager for UID 1000...
[[0;32m  OK  [0m] Started User Manager for UID 1000.
[   24.877415] cloud-init[1068]: Cloud-init v. 0.7.9 running 'modules:config' at Mon, 31 Jul 2017 20:21:40 +0000. Up 23.24 seconds.
[[0;32m  OK  [0m] Started Apply the settings specified in cloud-config.
[[0;32m  OK  [0m] Started Session 1 of user ubuntu.
         Starting Execute cloud user/final scripts...
ci-info: no authorized ssh keys fingerprints found for user ubuntu.
<14>Jul 31 20:21:42 ec2: 
<14>Jul 31 20:21:42 ec2: #############################################################
<14>Jul 31 20:21:42 ec2: -----BEGIN SSH HOST KEY FINGERPRINTS-----
<14>Jul 31 20:21:42 ec2: 1024 SHA256:ydWxBn+mfFSyAYNAE4pkdpwWDIF9sPqgGDUQrQOl5Zo root@ubuntu-xenial (DSA)
<14>Jul 31 20:21:42 ec2: 256 SHA256:yFjRHIoA7xHSOUDOsS8AE0vPtUUR7EshCYACXzzUKkk root@ubuntu-xenial (ECDSA)
<14>Jul 31 20:21:42 ec2: 256 SHA256:5wOqMcmwmDWiMm8kPVHzRxvfTxfTl7DQjxJxUiORGSM root@ubuntu-xenial (ED25519)
<14>Jul 31 20:21:42 ec2: 2048 SHA256:+TxYx0jPyAl6uK/KGJQoB7mRbe8CL/hfML33J1s8Zzs root@ubuntu-xenial (RSA)
<14>Jul 31 20:21:42 ec2: -----END SSH HOST KEY FINGERPRINTS-----
<14>Jul 31 20:21:42 ec2: #############################################################
-----BEGIN SSH HOST KEY KEYS-----
ecdsa-sha2-nistp256 AAAAE2VjZHNhLXNoYTItbmlzdHAyNTYAAAAIbmlzdHAyNTYAAABBBJ4215FEtpcoBXPyyIg4bIjpRUCJpgDnVoHn3eJhXS46AYidDgkGWXm7ETViQpqK1BfNI+E83iyxBt+okB7FbQI= root@ubuntu-xenial
ssh-ed25519 AAAAC3NzaC1lZDI1NTE5AAAAICPQalOTBa03sfmLSEqxmtrc5k4n48KbQty1zSLDo+1F root@ubuntu-xenial
ssh-rsa AAAAB3NzaC1yc2EAAAADAQABAAABAQCtQpxXV9F6TbGiOd9/U1ZEUMf3wWjqVW6YtAy6WfUCZABgMYzGOzUrlar8XILn7Sygbph3aqEvAbe104Cv4gWg4cF0RoReKeqLF//aHRN0KWe83Cz1aEl2W/VtqsdjgniODPVJxtWiMd1Vf3WYv9th+fCsgSTzO+HsYK4rVPNbqhTQ5I0WYaUFNrUo8gapMFO5vircVL/Ww+3nOhCsWdMFwKDDLZ7elgaO3BpLQ50nh8H+r01D03jgZhd1bHF+kykqG9VpsXtLS1+akasyABktnNdRavev0gOmZUQth7EeXdWCuQmjqfoL83zYdosCp73waEP5JW8MPR/1zM689wzb root@ubuntu-xenial
-----END SSH HOST KEY KEYS-----
[   25.896549] cloud-init[1337]: Cloud-init v. 0.7.9 running 'modules:final' at Mon, 31 Jul 2017 20:21:42 +0000. Up 25.30 seconds.
[   25.954953] cloud-init[1337]: ci-info: no authorized ssh keys fingerprints found for user ubuntu.
[   26.005117] cloud-init[1337]: Cloud-init v. 0.7.9 finished at Mon, 31 Jul 2017 20:21:42 +0000. Datasource DataSourceNoCloud [seed=/dev/sdb][dsmode=net].  Up 25.88 seconds
[[0;32m  OK  [0m] Started Execute cloud user/final scripts.
[[0;32m  OK  [0m] Reached target Cloud-init target.

Ubuntu 16.04.2 LTS ubuntu-xenial ttyS0

ubuntu-xenial login:              Stopping Deferred execution scheduler...
         Stopping Unattended Upgrades Shutdown...
[[0;32m  OK  [0m] Unmounted /var/lib/lxcfs.
[[0;32m  OK  [0m] Stopped Deferred execution scheduler.
[[0;32m  OK  [0m] Stopped Regular background program processing daemon.
[[0;32m  OK  [0m] Stopped ACPI event daemon.
[[0;32m  OK  [0m] Stopped Accounts Service.
[[0;32m  OK  [0m] Stopped System Logging Service.
[[0;32m  OK  [0m] Stopped Snappy daemon.
[[0;32m  OK  [0m] Stopped Authenticate and Authorize Users to Run Privileged Tasks.
[[0;32m  OK  [0m] Stopped Serial Getty on ttyS0.
[[0;32m  OK  [0m] Stopped Getty on tty1.
[[0;32m  OK  [0m] Stopped OpenBSD Secure Shell server.
[[0;32m  OK  [0m] Stopped High-performance, schema-free document-oriented database.
[[0;32m  OK  [0m] Stopped User Manager for UID 1000.
[[0;32m  OK  [0m] Stopped D-Bus System Message Bus.
[[0;32m  OK  [0m] Stopped Session 3 of user ubuntu.
[[0;32m  OK  [0m] Stopped Unattended Upgrades Shutdown.
[[0;32m  OK  [0m] Stopped FUSE filesystem for LXC.
[[0;32m  OK  [0m] Stopped LSB: VirtualBox Linux Additions.
[[0;32m  OK  [0m] Stopped LSB: daemon to balance interrupts for SMP systems.
[[0;32m  OK  [0m] Stopped LSB: Set the CPU Frequency Scaling governor to "ondemand".
[[0;32m  OK  [0m] Stopped LXD - container startup/shutdown.
[[0;32m  OK  [0m] Stopped LSB: automatic crash report generation.
[[0;32m  OK  [0m] Stopped LSB: MD monitoring daemon.
[[0;32m  OK  [0m] Stopped LSB: Record successful boot for GRUB.
[[0;32m  OK  [0m] Removed slice User Slice of ubuntu.
         Stopping Login Service...
[[0;32m  OK  [0m] Removed slice system-getty.slice.
[[0;32m  OK  [0m] Stopped /etc/rc.local Compatibility.
[[0;32m  OK  [0m] Removed slice system-serial\x2dgetty.slice.
         Stopping Permit User Sessions...
[[0;32m  OK  [0m] Stopped Login Service.
[[0;32m  OK  [0m] Stopped Permit User Sessions.
[[0;32m  OK  [0m] Stopped target Remote File Systems.
[[0;32m  OK  [0m] Stopped target Remote File Systems (Pre).
         Stopping Login to default iSCSI targets...
[[0;32m  OK  [0m] Stopped target User and Group Name Lookups.
[[0;32m  OK  [0m] Stopped target Basic System.
[[0;32m  OK  [0m] Stopped target Sockets.
[[0;32m  OK  [0m] Closed Socket activation for snappy daemon.
[[0;32m  OK  [0m] Closed ACPID Listen Socket.
[[0;32m  OK  [0m] Closed LXD - unix socket.
[[0;32m  OK  [0m] Closed D-Bus System Message Bus Socket.
[[0;32m  OK  [0m] Closed Syslog Socket.
[[0;32m  OK  [0m] Closed UUID daemon activation socket.
[[0;32m  OK  [0m] Stopped target Paths.
[[0;32m  OK  [0m] Stopped Forward Password Requests to Wall Directory Watch.
[[0;32m  OK  [0m] Stopped Dispatch Password Requests to Console Directory Watch.
[[0;32m  OK  [0m] Stopped ACPI Events Check.
[[0;32m  OK  [0m] Stopped target System Initialization.
         Stopping Load/Save Random Seed...
         Stopping Update UTMP about System Boot/Shutdown...
[[0;32m  OK  [0m] Stopped Commit a transient machine-id on disk.
[[0;32m  OK  [0m] Stopped target Swap.
[[0;32m  OK  [0m] Stopped target Encrypted Volumes.
[[0;32m  OK  [0m] Stopped target Slices.
[[0;32m  OK  [0m] Removed slice User and Session Slice.
[[0;32m  OK  [0m] Stopped Load/Save Random Seed.
[[0;32m  OK  [0m] Stopped Login to default iSCSI targets.
[[0;32m  OK  [0m] Stopped Update UTMP about System Boot/Shutdown.
[[0;32m  OK  [0m] Stopped Create Volatile Files and Directories.
         Stopping iSCSI initiator daemon (iscsid)...
[[0;32m  OK  [0m] Stopped iSCSI initiator daemon (iscsid).
[[0;32m  OK  [0m] Stopped target Network is Online.
[[0;32m  OK  [0m] Stopped target Network.
[[0;32m  OK  [0m] Stopped Initial cloud-init job (metadata service crawler).
         Stopping Raise network interfaces...
[[0;32m  OK  [0m] Stopped Raise network interfaces.
[[0;32m  OK  [0m] Stopped Apply Kernel Variables.
[[0;32m  OK  [0m] Stopped Load Kernel Modules.
[[0;32m  OK  [0m] Stopped target Local File Systems.
         Unmounting /home/ubuntu/host...
         Unmounting /vagrant...
         Unmounting /run/user/1000...
[[0;32m  OK  [0m] Stopped target Network (Pre).
[[0;32m  OK  [0m] Stopped Initial cloud-init job (pre-networking).
[[0;32m  OK  [0m] Unmounted /home/ubuntu/host.
[[0;32m  OK  [0m] Unmounted /vagrant.
[[0;32m  OK  [0m] Unmounted /run/user/1000.
[[0;32m  OK  [0m] Reached target Unmount All Filesystems.
[[0;32m  OK  [0m] Stopped target Local File Systems (Pre).
         Stopping Monitoring of LVM2 mirrors... dmeventd or progress polling...
[[0;32m  OK  [0m] Stopped Create Static Device Nodes in /dev.
[[0;32m  OK  [0m] Stopped Remount Root and Kernel File Systems.
[[0;32m  OK  [0m] Reached target Shutdown.
[  198.677032] reboot: Power down
